2022-05-08_07-49-40 [restartedMain] INFO  c.c.p.p.ProcessPensionMicroserviceApplication - Starting ProcessPensionMicroserviceApplication using Java 18 on DESKTOP-DAC986Q with PID 10696 (C:\Users\Elcot\Downloads\Pension-Management-System\ProcessPension-Microservice\target\classes started by Elcot in C:\Users\Elcot\Downloads\Pension-Management-System\ProcessPension-Microservice)
2022-05-08_07-49-40 [restartedMain] INFO  c.c.p.p.ProcessPensionMicroserviceApplication - No active profile set, falling back to default profiles: default
2022-05-08_07-49-40 [background-preinit] INFO  o.h.validator.internal.util.Version - HV000001: Hibernate Validator 6.1.7.Final
2022-05-08_07-49-40 [restartedMain] INFO  o.s.b.d.e.DevToolsPropertyDefaultsPostProcessor - Devtools property defaults active! Set 'spring.devtools.add-properties' to 'false' to disable
2022-05-08_07-49-40 [restartedMain] INFO  o.s.b.d.e.DevToolsPropertyDefaultsPostProcessor - For additional web related logging consider setting the 'logging.level.web' property to 'DEBUG'
2022-05-08_07-49-40 [restartedMain] INFO  o.s.cloud.context.scope.GenericScope - BeanFactory id=1142edd2-2b2c-39aa-b573-8c6b41a17bfb
2022-05-08_07-49-40 [restartedMain] INFO  o.s.c.s.PostProcessorRegistrationDelegate$BeanPostProcessorChecker - Bean 'com.cts.pension.process.feignclient.AuthorisingClient' of type [org.springframework.cloud.openfeign.FeignClientFactoryBean] is not eligible for getting processed by all BeanPostProcessors (for example: not eligible for auto-proxying)
2022-05-08_07-49-40 [restartedMain] INFO  o.s.c.s.PostProcessorRegistrationDelegate$BeanPostProcessorChecker - Bean 'com.cts.pension.process.feignclient.PensionDisbursementFeignClient' of type [org.springframework.cloud.openfeign.FeignClientFactoryBean] is not eligible for getting processed by all BeanPostProcessors (for example: not eligible for auto-proxying)
2022-05-08_07-49-40 [restartedMain] INFO  o.s.c.s.PostProcessorRegistrationDelegate$BeanPostProcessorChecker - Bean 'com.cts.pension.process.feignclient.PensionerDetailFeignClient' of type [org.springframework.cloud.openfeign.FeignClientFactoryBean] is not eligible for getting processed by all BeanPostProcessors (for example: not eligible for auto-proxying)
2022-05-08_07-49-40 [restartedMain] INFO  o.s.b.w.e.tomcat.TomcatWebServer - Tomcat initialized with port(s): 8100 (http)
2022-05-08_07-49-40 [restartedMain] INFO  o.a.coyote.http11.Http11NioProtocol - Initializing ProtocolHandler ["http-nio-8100"]
2022-05-08_07-49-40 [restartedMain] INFO  o.a.catalina.core.StandardService - Starting service [Tomcat]
2022-05-08_07-49-40 [restartedMain] INFO  o.a.catalina.core.StandardEngine - Starting Servlet engine: [Apache Tomcat/9.0.41]
2022-05-08_07-49-40 [restartedMain] INFO  o.a.c.c.C.[.[localhost].[/process] - Initializing Spring embedded WebApplicationContext
2022-05-08_07-49-40 [restartedMain] INFO  o.s.b.w.s.c.ServletWebServerApplicationContext - Root WebApplicationContext: initialization completed in 25095 ms
2022-05-08_07-49-40 [restartedMain] INFO  o.s.s.c.ThreadPoolTaskExecutor - Initializing ExecutorService 'applicationTaskExecutor'
2022-05-08_07-49-40 [restartedMain] INFO  o.s.b.a.e.web.EndpointLinksResolver - Exposing 2 endpoint(s) beneath base path '/actuator'
2022-05-08_07-49-40 [restartedMain] INFO  o.a.coyote.http11.Http11NioProtocol - Starting ProtocolHandler ["http-nio-8100"]
2022-05-08_07-49-40 [restartedMain] INFO  o.s.b.w.e.tomcat.TomcatWebServer - Tomcat started on port(s): 8100 (http) with context path '/process'
2022-05-08_07-49-40 [restartedMain] INFO  c.c.p.p.ProcessPensionMicroserviceApplication - Started ProcessPensionMicroserviceApplication in 37.161 seconds (JVM running for 75.082)
2022-05-08_07-49-40 [http-nio-8100-exec-1] INFO  o.a.c.c.C.[.[localhost].[/process] - Initializing Spring DispatcherServlet 'dispatcherServlet'
2022-05-08_07-49-40 [http-nio-8100-exec-1] INFO  o.s.web.servlet.DispatcherServlet - Initializing Servlet 'dispatcherServlet'
2022-05-08_07-49-40 [http-nio-8100-exec-1] INFO  o.s.web.servlet.DispatcherServlet - Completed initialization in 1191 ms
2022-05-08_09-57-11 [background-preinit] INFO  o.h.validator.internal.util.Version - HV000001: Hibernate Validator 6.1.7.Final
2022-05-08_09-57-11 [restartedMain] INFO  c.c.p.p.ProcessPensionMicroserviceApplication - Starting ProcessPensionMicroserviceApplication using Java 18 on DESKTOP-DAC986Q with PID 1384 (C:\Users\Elcot\Downloads\Pension-Management-System\ProcessPension-Microservice\target\classes started by Elcot in C:\Users\Elcot\Downloads\Pension-Management-System\ProcessPension-Microservice)
2022-05-08_09-57-11 [restartedMain] INFO  c.c.p.p.ProcessPensionMicroserviceApplication - No active profile set, falling back to default profiles: default
2022-05-08_09-57-11 [restartedMain] INFO  o.s.b.d.e.DevToolsPropertyDefaultsPostProcessor - Devtools property defaults active! Set 'spring.devtools.add-properties' to 'false' to disable
2022-05-08_09-57-11 [restartedMain] INFO  o.s.b.d.e.DevToolsPropertyDefaultsPostProcessor - For additional web related logging consider setting the 'logging.level.web' property to 'DEBUG'
2022-05-08_09-57-11 [restartedMain] INFO  o.s.cloud.context.scope.GenericScope - BeanFactory id=1142edd2-2b2c-39aa-b573-8c6b41a17bfb
2022-05-08_09-57-11 [restartedMain] INFO  o.s.c.s.PostProcessorRegistrationDelegate$BeanPostProcessorChecker - Bean 'com.cts.pension.process.feignclient.AuthorisingClient' of type [org.springframework.cloud.openfeign.FeignClientFactoryBean] is not eligible for getting processed by all BeanPostProcessors (for example: not eligible for auto-proxying)
2022-05-08_09-57-11 [restartedMain] INFO  o.s.c.s.PostProcessorRegistrationDelegate$BeanPostProcessorChecker - Bean 'com.cts.pension.process.feignclient.PensionDisbursementFeignClient' of type [org.springframework.cloud.openfeign.FeignClientFactoryBean] is not eligible for getting processed by all BeanPostProcessors (for example: not eligible for auto-proxying)
2022-05-08_09-57-11 [restartedMain] INFO  o.s.c.s.PostProcessorRegistrationDelegate$BeanPostProcessorChecker - Bean 'com.cts.pension.process.feignclient.PensionerDetailFeignClient' of type [org.springframework.cloud.openfeign.FeignClientFactoryBean] is not eligible for getting processed by all BeanPostProcessors (for example: not eligible for auto-proxying)
2022-05-08_09-57-11 [restartedMain] INFO  o.s.b.w.e.tomcat.TomcatWebServer - Tomcat initialized with port(s): 8100 (http)
2022-05-08_09-57-11 [restartedMain] INFO  o.a.coyote.http11.Http11NioProtocol - Initializing ProtocolHandler ["http-nio-8100"]
2022-05-08_09-57-11 [restartedMain] INFO  o.a.catalina.core.StandardService - Starting service [Tomcat]
2022-05-08_09-57-11 [restartedMain] INFO  o.a.catalina.core.StandardEngine - Starting Servlet engine: [Apache Tomcat/9.0.41]
2022-05-08_09-57-11 [restartedMain] INFO  o.a.c.c.C.[.[localhost].[/process] - Initializing Spring embedded WebApplicationContext
2022-05-08_09-57-11 [restartedMain] INFO  o.s.b.w.s.c.ServletWebServerApplicationContext - Root WebApplicationContext: initialization completed in 41966 ms
2022-05-08_09-57-11 [restartedMain] INFO  o.s.b.d.a.OptionalLiveReloadServer - LiveReload server is running on port 35729
2022-05-08_09-57-11 [restartedMain] INFO  o.s.s.c.ThreadPoolTaskExecutor - Initializing ExecutorService 'applicationTaskExecutor'
2022-05-08_09-57-11 [restartedMain] INFO  o.s.b.a.e.web.EndpointLinksResolver - Exposing 2 endpoint(s) beneath base path '/actuator'
2022-05-08_09-57-11 [restartedMain] INFO  o.a.coyote.http11.Http11NioProtocol - Starting ProtocolHandler ["http-nio-8100"]
2022-05-08_09-57-11 [restartedMain] INFO  o.s.b.w.e.tomcat.TomcatWebServer - Tomcat started on port(s): 8100 (http) with context path '/process'
2022-05-08_09-57-11 [restartedMain] INFO  c.c.p.p.ProcessPensionMicroserviceApplication - Started ProcessPensionMicroserviceApplication in 88.859 seconds (JVM running for 99.235)
2022-05-08_09-57-11 [http-nio-8100-exec-1] INFO  o.a.c.c.C.[.[localhost].[/process] - Initializing Spring DispatcherServlet 'dispatcherServlet'
2022-05-08_09-57-11 [http-nio-8100-exec-1] INFO  o.s.web.servlet.DispatcherServlet - Initializing Servlet 'dispatcherServlet'
2022-05-08_09-57-11 [http-nio-8100-exec-1] INFO  o.s.web.servlet.DispatcherServlet - Completed initialization in 6 ms
2022-05-08_18-39-21 [background-preinit] INFO  o.h.validator.internal.util.Version - HV000001: Hibernate Validator 6.1.7.Final
2022-05-08_18-39-21 [restartedMain] INFO  c.c.p.p.ProcessPensionMicroserviceApplication - Starting ProcessPensionMicroserviceApplication using Java 18 on DESKTOP-DAC986Q with PID 6104 (C:\Users\Elcot\Downloads\Pension-Management-System\ProcessPension-Microservice\target\classes started by Elcot in C:\Users\Elcot\Downloads\Pension-Management-System\ProcessPension-Microservice)
2022-05-08_18-39-21 [restartedMain] INFO  c.c.p.p.ProcessPensionMicroserviceApplication - No active profile set, falling back to default profiles: default
2022-05-08_18-39-21 [restartedMain] INFO  o.s.b.d.e.DevToolsPropertyDefaultsPostProcessor - Devtools property defaults active! Set 'spring.devtools.add-properties' to 'false' to disable
2022-05-08_18-39-21 [restartedMain] INFO  o.s.b.d.e.DevToolsPropertyDefaultsPostProcessor - For additional web related logging consider setting the 'logging.level.web' property to 'DEBUG'
2022-05-08_18-39-21 [restartedMain] INFO  o.s.cloud.context.scope.GenericScope - BeanFactory id=1142edd2-2b2c-39aa-b573-8c6b41a17bfb
2022-05-08_18-39-21 [restartedMain] INFO  o.s.c.s.PostProcessorRegistrationDelegate$BeanPostProcessorChecker - Bean 'com.cts.pension.process.feignclient.AuthorisingClient' of type [org.springframework.cloud.openfeign.FeignClientFactoryBean] is not eligible for getting processed by all BeanPostProcessors (for example: not eligible for auto-proxying)
2022-05-08_18-39-21 [restartedMain] INFO  o.s.c.s.PostProcessorRegistrationDelegate$BeanPostProcessorChecker - Bean 'com.cts.pension.process.feignclient.PensionDisbursementFeignClient' of type [org.springframework.cloud.openfeign.FeignClientFactoryBean] is not eligible for getting processed by all BeanPostProcessors (for example: not eligible for auto-proxying)
2022-05-08_18-39-21 [restartedMain] INFO  o.s.c.s.PostProcessorRegistrationDelegate$BeanPostProcessorChecker - Bean 'com.cts.pension.process.feignclient.PensionerDetailFeignClient' of type [org.springframework.cloud.openfeign.FeignClientFactoryBean] is not eligible for getting processed by all BeanPostProcessors (for example: not eligible for auto-proxying)
2022-05-08_18-39-21 [restartedMain] INFO  o.s.b.w.e.tomcat.TomcatWebServer - Tomcat initialized with port(s): 8100 (http)
2022-05-08_18-39-21 [restartedMain] INFO  o.a.coyote.http11.Http11NioProtocol - Initializing ProtocolHandler ["http-nio-8100"]
2022-05-08_18-39-21 [restartedMain] INFO  o.a.catalina.core.StandardService - Starting service [Tomcat]
2022-05-08_18-39-21 [restartedMain] INFO  o.a.catalina.core.StandardEngine - Starting Servlet engine: [Apache Tomcat/9.0.41]
2022-05-08_18-39-21 [restartedMain] INFO  o.a.c.c.C.[.[localhost].[/process] - Initializing Spring embedded WebApplicationContext
2022-05-08_18-39-21 [restartedMain] INFO  o.s.b.w.s.c.ServletWebServerApplicationContext - Root WebApplicationContext: initialization completed in 75391 ms
2022-05-08_18-39-21 [restartedMain] INFO  o.s.b.d.a.OptionalLiveReloadServer - LiveReload server is running on port 35729
2022-05-08_18-39-21 [restartedMain] INFO  o.s.s.c.ThreadPoolTaskExecutor - Initializing ExecutorService 'applicationTaskExecutor'
2022-05-08_18-39-21 [restartedMain] INFO  o.s.b.a.e.web.EndpointLinksResolver - Exposing 2 endpoint(s) beneath base path '/actuator'
2022-05-08_18-39-21 [restartedMain] INFO  o.a.coyote.http11.Http11NioProtocol - Starting ProtocolHandler ["http-nio-8100"]
2022-05-08_18-39-21 [restartedMain] INFO  o.s.b.w.e.tomcat.TomcatWebServer - Tomcat started on port(s): 8100 (http) with context path '/process'
2022-05-08_18-39-21 [restartedMain] INFO  c.c.p.p.ProcessPensionMicroserviceApplication - Started ProcessPensionMicroserviceApplication in 131.533 seconds (JVM running for 151.043)
2022-05-08_18-39-21 [http-nio-8100-exec-1] INFO  o.a.c.c.C.[.[localhost].[/process] - Initializing Spring DispatcherServlet 'dispatcherServlet'
2022-05-08_18-39-21 [http-nio-8100-exec-1] INFO  o.s.web.servlet.DispatcherServlet - Initializing Servlet 'dispatcherServlet'
2022-05-08_18-39-21 [http-nio-8100-exec-1] INFO  o.s.web.servlet.DispatcherServlet - Completed initialization in 7 ms
2022-05-08_20-40-20 [restartedMain] INFO  c.c.p.p.ProcessPensionMicroserviceApplication - Starting ProcessPensionMicroserviceApplication using Java 18 on DESKTOP-DAC986Q with PID 13024 (C:\Users\Elcot\Downloads\Pension-Management-System\ProcessPension-Microservice\target\classes started by Elcot in C:\Users\Elcot\Downloads\Pension-Management-System\ProcessPension-Microservice)
2022-05-08_20-40-20 [background-preinit] INFO  o.h.validator.internal.util.Version - HV000001: Hibernate Validator 6.1.7.Final
2022-05-08_20-40-20 [restartedMain] INFO  c.c.p.p.ProcessPensionMicroserviceApplication - No active profile set, falling back to default profiles: default
2022-05-08_20-40-20 [restartedMain] INFO  o.s.b.d.e.DevToolsPropertyDefaultsPostProcessor - Devtools property defaults active! Set 'spring.devtools.add-properties' to 'false' to disable
2022-05-08_20-40-20 [restartedMain] INFO  o.s.b.d.e.DevToolsPropertyDefaultsPostProcessor - For additional web related logging consider setting the 'logging.level.web' property to 'DEBUG'
2022-05-08_20-40-20 [restartedMain] INFO  o.s.cloud.context.scope.GenericScope - BeanFactory id=1142edd2-2b2c-39aa-b573-8c6b41a17bfb
2022-05-08_20-40-20 [restartedMain] INFO  o.s.c.s.PostProcessorRegistrationDelegate$BeanPostProcessorChecker - Bean 'com.cts.pension.process.feignclient.AuthorisingClient' of type [org.springframework.cloud.openfeign.FeignClientFactoryBean] is not eligible for getting processed by all BeanPostProcessors (for example: not eligible for auto-proxying)
2022-05-08_20-40-20 [restartedMain] INFO  o.s.c.s.PostProcessorRegistrationDelegate$BeanPostProcessorChecker - Bean 'com.cts.pension.process.feignclient.PensionDisbursementFeignClient' of type [org.springframework.cloud.openfeign.FeignClientFactoryBean] is not eligible for getting processed by all BeanPostProcessors (for example: not eligible for auto-proxying)
2022-05-08_20-40-20 [restartedMain] INFO  o.s.c.s.PostProcessorRegistrationDelegate$BeanPostProcessorChecker - Bean 'com.cts.pension.process.feignclient.PensionerDetailFeignClient' of type [org.springframework.cloud.openfeign.FeignClientFactoryBean] is not eligible for getting processed by all BeanPostProcessors (for example: not eligible for auto-proxying)
2022-05-08_20-40-20 [restartedMain] INFO  o.s.b.w.e.tomcat.TomcatWebServer - Tomcat initialized with port(s): 8100 (http)
2022-05-08_20-40-20 [restartedMain] INFO  o.a.coyote.http11.Http11NioProtocol - Initializing ProtocolHandler ["http-nio-8100"]
2022-05-08_20-40-20 [restartedMain] INFO  o.a.catalina.core.StandardService - Starting service [Tomcat]
2022-05-08_20-40-20 [restartedMain] INFO  o.a.catalina.core.StandardEngine - Starting Servlet engine: [Apache Tomcat/9.0.41]
2022-05-08_20-40-20 [restartedMain] INFO  o.a.c.c.C.[.[localhost].[/process] - Initializing Spring embedded WebApplicationContext
2022-05-08_20-40-20 [restartedMain] INFO  o.s.b.w.s.c.ServletWebServerApplicationContext - Root WebApplicationContext: initialization completed in 65836 ms
2022-05-08_20-40-20 [restartedMain] INFO  o.s.s.c.ThreadPoolTaskExecutor - Initializing ExecutorService 'applicationTaskExecutor'
2022-05-08_20-40-20 [restartedMain] INFO  o.s.b.a.e.web.EndpointLinksResolver - Exposing 2 endpoint(s) beneath base path '/actuator'
2022-05-08_20-40-20 [restartedMain] INFO  o.a.coyote.http11.Http11NioProtocol - Starting ProtocolHandler ["http-nio-8100"]
2022-05-08_20-40-20 [restartedMain] INFO  o.s.b.w.e.tomcat.TomcatWebServer - Tomcat started on port(s): 8100 (http) with context path '/process'
2022-05-08_20-40-20 [restartedMain] INFO  c.c.p.p.ProcessPensionMicroserviceApplication - Started ProcessPensionMicroserviceApplication in 95.86 seconds (JVM running for 123.217)
2022-05-08_20-40-20 [http-nio-8100-exec-1] INFO  o.a.c.c.C.[.[localhost].[/process] - Initializing Spring DispatcherServlet 'dispatcherServlet'
2022-05-08_20-40-20 [http-nio-8100-exec-1] INFO  o.s.web.servlet.DispatcherServlet - Initializing Servlet 'dispatcherServlet'
2022-05-08_20-40-20 [http-nio-8100-exec-1] INFO  o.s.web.servlet.DispatcherServlet - Completed initialization in 4 ms
