2022-05-11_19-31-39 [background-preinit] INFO  o.h.validator.internal.util.Version - HV000001: Hibernate Validator 6.1.7.Final
2022-05-11_19-31-39 [restartedMain] INFO  c.c.p.p.ProcessPensionMicroserviceApplication - Starting ProcessPensionMicroserviceApplication using Java 18 on DESKTOP-DAC986Q with PID 9496 (C:\Users\Elcot\Downloads\Pension-Management-System\ProcessPension-Microservice\target\classes started by Elcot in C:\Users\Elcot\Downloads\Pension-Management-System\ProcessPension-Microservice)
2022-05-11_19-31-39 [restartedMain] INFO  c.c.p.p.ProcessPensionMicroserviceApplication - No active profile set, falling back to default profiles: default
2022-05-11_19-31-39 [restartedMain] INFO  o.s.b.d.e.DevToolsPropertyDefaultsPostProcessor - Devtools property defaults active! Set 'spring.devtools.add-properties' to 'false' to disable
2022-05-11_19-31-39 [restartedMain] INFO  o.s.b.d.e.DevToolsPropertyDefaultsPostProcessor - For additional web related logging consider setting the 'logging.level.web' property to 'DEBUG'
2022-05-11_19-31-39 [restartedMain] INFO  o.s.cloud.context.scope.GenericScope - BeanFactory id=ee7c8c44-f082-348e-96da-0cc14f02ccf0
2022-05-11_19-31-39 [restartedMain] INFO  o.s.c.s.PostProcessorRegistrationDelegate$BeanPostProcessorChecker - Bean 'com.cts.pension.process.feignclient.AuthorisingClient' of type [org.springframework.cloud.openfeign.FeignClientFactoryBean] is not eligible for getting processed by all BeanPostProcessors (for example: not eligible for auto-proxying)
2022-05-11_19-31-39 [restartedMain] INFO  o.s.c.s.PostProcessorRegistrationDelegate$BeanPostProcessorChecker - Bean 'com.cts.pension.process.feignclient.PensionDisbursementFeignClient' of type [org.springframework.cloud.openfeign.FeignClientFactoryBean] is not eligible for getting processed by all BeanPostProcessors (for example: not eligible for auto-proxying)
2022-05-11_19-31-39 [restartedMain] INFO  o.s.c.s.PostProcessorRegistrationDelegate$BeanPostProcessorChecker - Bean 'com.cts.pension.process.feignclient.PensionerDetailFeignClient' of type [org.springframework.cloud.openfeign.FeignClientFactoryBean] is not eligible for getting processed by all BeanPostProcessors (for example: not eligible for auto-proxying)
2022-05-11_19-31-39 [restartedMain] INFO  o.s.b.w.e.tomcat.TomcatWebServer - Tomcat initialized with port(s): 8100 (http)
2022-05-11_19-31-39 [restartedMain] INFO  o.a.coyote.http11.Http11NioProtocol - Initializing ProtocolHandler ["http-nio-8100"]
2022-05-11_19-31-39 [restartedMain] INFO  o.a.catalina.core.StandardService - Starting service [Tomcat]
2022-05-11_19-31-39 [restartedMain] INFO  o.a.catalina.core.StandardEngine - Starting Servlet engine: [Apache Tomcat/9.0.41]
2022-05-11_19-31-39 [restartedMain] INFO  o.a.c.c.C.[.[localhost].[/process] - Initializing Spring embedded WebApplicationContext
2022-05-11_19-31-39 [restartedMain] INFO  o.s.b.w.s.c.ServletWebServerApplicationContext - Root WebApplicationContext: initialization completed in 21690 ms
2022-05-11_19-31-39 [restartedMain] INFO  o.s.b.a.e.web.EndpointLinksResolver - Exposing 2 endpoint(s) beneath base path '/actuator'
2022-05-11_19-31-39 [restartedMain] INFO  s.d.s.w.PropertySourcedRequestMappingHandlerMapping - Mapped URL path [/v2/api-docs] onto method [springfox.documentation.swagger2.web.Swagger2Controller#getDocumentation(String, HttpServletRequest)]
2022-05-11_19-31-39 [restartedMain] INFO  o.s.s.c.ThreadPoolTaskExecutor - Initializing ExecutorService 'applicationTaskExecutor'
2022-05-11_19-31-39 [restartedMain] INFO  o.a.coyote.http11.Http11NioProtocol - Starting ProtocolHandler ["http-nio-8100"]
2022-05-11_19-31-39 [restartedMain] INFO  o.s.b.w.e.tomcat.TomcatWebServer - Tomcat started on port(s): 8100 (http) with context path '/process'
2022-05-11_19-31-39 [restartedMain] INFO  s.d.s.w.p.DocumentationPluginsBootstrapper - Context refreshed
2022-05-11_19-31-39 [restartedMain] INFO  s.d.s.w.p.DocumentationPluginsBootstrapper - Found 1 custom documentation plugin(s)
2022-05-11_19-31-39 [restartedMain] INFO  s.d.s.w.s.ApiListingReferenceScanner - Scanning for api listing references
2022-05-11_19-31-39 [restartedMain] INFO  s.d.s.w.r.o.CachingOperationNameGenerator - Generating unique operation named: handleUsingGET_1
2022-05-11_19-31-39 [restartedMain] INFO  s.d.s.w.r.o.CachingOperationNameGenerator - Generating unique operation named: handleUsingGET_2
2022-05-11_19-31-39 [restartedMain] INFO  c.c.p.p.ProcessPensionMicroserviceApplication - Started ProcessPensionMicroserviceApplication in 39.25 seconds (JVM running for 45.01)
2022-05-11_21-51-35 [background-preinit] INFO  o.h.validator.internal.util.Version - HV000001: Hibernate Validator 6.1.7.Final
2022-05-11_21-51-35 [restartedMain] INFO  c.p.p.ProcessPensionMicroserviceApplication - Starting ProcessPensionMicroserviceApplication using Java 18 on DESKTOP-DAC986Q with PID 9916 (C:\Users\Elcot\Downloads\Pension-Management-System\ProcessPension-Microservice\target\classes started by Elcot in C:\Users\Elcot\Downloads\Pension-Management-System\ProcessPension-Microservice)
2022-05-11_21-51-35 [restartedMain] INFO  c.p.p.ProcessPensionMicroserviceApplication - No active profile set, falling back to default profiles: default
2022-05-11_21-51-35 [restartedMain] INFO  o.s.b.d.e.DevToolsPropertyDefaultsPostProcessor - Devtools property defaults active! Set 'spring.devtools.add-properties' to 'false' to disable
2022-05-11_21-51-35 [restartedMain] INFO  o.s.b.d.e.DevToolsPropertyDefaultsPostProcessor - For additional web related logging consider setting the 'logging.level.web' property to 'DEBUG'
2022-05-11_21-51-35 [restartedMain] INFO  o.s.cloud.context.scope.GenericScope - BeanFactory id=ca24e96d-76a4-392e-9b5e-46e5eb3e6d98
2022-05-11_21-51-35 [restartedMain] INFO  o.s.c.s.PostProcessorRegistrationDelegate$BeanPostProcessorChecker - Bean 'com.pension.process.feignclient.AuthorisingClient' of type [org.springframework.cloud.openfeign.FeignClientFactoryBean] is not eligible for getting processed by all BeanPostProcessors (for example: not eligible for auto-proxying)
2022-05-11_21-51-35 [restartedMain] INFO  o.s.c.s.PostProcessorRegistrationDelegate$BeanPostProcessorChecker - Bean 'com.pension.process.feignclient.PensionDisbursementFeignClient' of type [org.springframework.cloud.openfeign.FeignClientFactoryBean] is not eligible for getting processed by all BeanPostProcessors (for example: not eligible for auto-proxying)
2022-05-11_21-51-35 [restartedMain] INFO  o.s.c.s.PostProcessorRegistrationDelegate$BeanPostProcessorChecker - Bean 'com.pension.process.feignclient.PensionerDetailFeignClient' of type [org.springframework.cloud.openfeign.FeignClientFactoryBean] is not eligible for getting processed by all BeanPostProcessors (for example: not eligible for auto-proxying)
2022-05-11_21-51-35 [restartedMain] INFO  o.s.b.w.e.tomcat.TomcatWebServer - Tomcat initialized with port(s): 8100 (http)
2022-05-11_21-51-35 [restartedMain] INFO  o.a.coyote.http11.Http11NioProtocol - Initializing ProtocolHandler ["http-nio-8100"]
2022-05-11_21-51-35 [restartedMain] INFO  o.a.catalina.core.StandardService - Starting service [Tomcat]
2022-05-11_21-51-35 [restartedMain] INFO  o.a.catalina.core.StandardEngine - Starting Servlet engine: [Apache Tomcat/9.0.41]
2022-05-11_21-51-35 [restartedMain] INFO  o.a.c.c.C.[.[localhost].[/process] - Initializing Spring embedded WebApplicationContext
2022-05-11_21-51-35 [restartedMain] INFO  o.s.b.w.s.c.ServletWebServerApplicationContext - Root WebApplicationContext: initialization completed in 15894 ms
2022-05-11_21-51-35 [restartedMain] INFO  o.s.b.a.e.web.EndpointLinksResolver - Exposing 2 endpoint(s) beneath base path '/actuator'
2022-05-11_21-51-35 [restartedMain] INFO  s.d.s.w.PropertySourcedRequestMappingHandlerMapping - Mapped URL path [/v2/api-docs] onto method [springfox.documentation.swagger2.web.Swagger2Controller#getDocumentation(String, HttpServletRequest)]
2022-05-11_21-51-35 [restartedMain] INFO  o.s.s.c.ThreadPoolTaskExecutor - Initializing ExecutorService 'applicationTaskExecutor'
2022-05-11_21-51-35 [restartedMain] INFO  o.a.coyote.http11.Http11NioProtocol - Starting ProtocolHandler ["http-nio-8100"]
2022-05-11_21-51-35 [restartedMain] INFO  o.s.b.w.e.tomcat.TomcatWebServer - Tomcat started on port(s): 8100 (http) with context path '/process'
2022-05-11_21-51-35 [restartedMain] INFO  s.d.s.w.p.DocumentationPluginsBootstrapper - Context refreshed
2022-05-11_21-51-35 [restartedMain] INFO  s.d.s.w.p.DocumentationPluginsBootstrapper - Found 1 custom documentation plugin(s)
2022-05-11_21-51-35 [restartedMain] INFO  s.d.s.w.s.ApiListingReferenceScanner - Scanning for api listing references
2022-05-11_21-51-35 [restartedMain] INFO  s.d.s.w.r.o.CachingOperationNameGenerator - Generating unique operation named: handleUsingGET_1
2022-05-11_21-51-35 [restartedMain] INFO  s.d.s.w.r.o.CachingOperationNameGenerator - Generating unique operation named: handleUsingGET_2
2022-05-11_21-51-35 [restartedMain] INFO  c.p.p.ProcessPensionMicroserviceApplication - Started ProcessPensionMicroserviceApplication in 30.05 seconds (JVM running for 34.653)
2022-05-11_21-51-35 [http-nio-8100-exec-1] INFO  o.a.c.c.C.[.[localhost].[/process] - Initializing Spring DispatcherServlet 'dispatcherServlet'
2022-05-11_21-51-35 [http-nio-8100-exec-1] INFO  o.s.web.servlet.DispatcherServlet - Initializing Servlet 'dispatcherServlet'
2022-05-11_21-51-35 [http-nio-8100-exec-1] INFO  o.s.web.servlet.DispatcherServlet - Completed initialization in 4 ms
2022-05-11_22-28-05 [background-preinit] INFO  o.h.validator.internal.util.Version - HV000001: Hibernate Validator 6.1.7.Final
2022-05-11_22-28-05 [restartedMain] INFO  c.p.p.ProcessPensionMicroserviceApplication - Starting ProcessPensionMicroserviceApplication using Java 18 on DESKTOP-DAC986Q with PID 8816 (C:\Users\Elcot\Downloads\Pension-Management-System\ProcessPension-Microservice\target\classes started by Elcot in C:\Users\Elcot\Downloads\Pension-Management-System\ProcessPension-Microservice)
2022-05-11_22-28-05 [restartedMain] INFO  c.p.p.ProcessPensionMicroserviceApplication - No active profile set, falling back to default profiles: default
2022-05-11_22-28-05 [restartedMain] INFO  o.s.b.d.e.DevToolsPropertyDefaultsPostProcessor - Devtools property defaults active! Set 'spring.devtools.add-properties' to 'false' to disable
2022-05-11_22-28-05 [restartedMain] INFO  o.s.b.d.e.DevToolsPropertyDefaultsPostProcessor - For additional web related logging consider setting the 'logging.level.web' property to 'DEBUG'
2022-05-11_22-28-05 [restartedMain] INFO  o.s.cloud.context.scope.GenericScope - BeanFactory id=ca24e96d-76a4-392e-9b5e-46e5eb3e6d98
2022-05-11_22-28-05 [restartedMain] INFO  o.s.c.s.PostProcessorRegistrationDelegate$BeanPostProcessorChecker - Bean 'com.pension.process.feignclient.AuthorisingClient' of type [org.springframework.cloud.openfeign.FeignClientFactoryBean] is not eligible for getting processed by all BeanPostProcessors (for example: not eligible for auto-proxying)
2022-05-11_22-28-05 [restartedMain] INFO  o.s.c.s.PostProcessorRegistrationDelegate$BeanPostProcessorChecker - Bean 'com.pension.process.feignclient.PensionDisbursementFeignClient' of type [org.springframework.cloud.openfeign.FeignClientFactoryBean] is not eligible for getting processed by all BeanPostProcessors (for example: not eligible for auto-proxying)
2022-05-11_22-28-05 [restartedMain] INFO  o.s.c.s.PostProcessorRegistrationDelegate$BeanPostProcessorChecker - Bean 'com.pension.process.feignclient.PensionerDetailFeignClient' of type [org.springframework.cloud.openfeign.FeignClientFactoryBean] is not eligible for getting processed by all BeanPostProcessors (for example: not eligible for auto-proxying)
2022-05-11_22-28-05 [restartedMain] INFO  o.s.b.w.e.tomcat.TomcatWebServer - Tomcat initialized with port(s): 5000 (http)
2022-05-11_22-28-05 [restartedMain] INFO  o.a.coyote.http11.Http11NioProtocol - Initializing ProtocolHandler ["http-nio-5000"]
2022-05-11_22-28-05 [restartedMain] INFO  o.a.catalina.core.StandardService - Starting service [Tomcat]
2022-05-11_22-28-05 [restartedMain] INFO  o.a.catalina.core.StandardEngine - Starting Servlet engine: [Apache Tomcat/9.0.41]
2022-05-11_22-28-05 [restartedMain] INFO  o.a.c.c.C.[.[localhost].[/process] - Initializing Spring embedded WebApplicationContext
2022-05-11_22-28-05 [restartedMain] INFO  o.s.b.w.s.c.ServletWebServerApplicationContext - Root WebApplicationContext: initialization completed in 10448 ms
2022-05-11_22-28-05 [restartedMain] INFO  o.s.b.a.e.web.EndpointLinksResolver - Exposing 2 endpoint(s) beneath base path '/actuator'
2022-05-11_22-28-05 [restartedMain] INFO  s.d.s.w.PropertySourcedRequestMappingHandlerMapping - Mapped URL path [/v2/api-docs] onto method [springfox.documentation.swagger2.web.Swagger2Controller#getDocumentation(String, HttpServletRequest)]
2022-05-11_22-28-05 [restartedMain] INFO  o.s.s.c.ThreadPoolTaskExecutor - Initializing ExecutorService 'applicationTaskExecutor'
2022-05-11_22-28-05 [restartedMain] INFO  o.a.coyote.http11.Http11NioProtocol - Starting ProtocolHandler ["http-nio-5000"]
2022-05-11_22-28-05 [restartedMain] INFO  o.s.b.w.e.tomcat.TomcatWebServer - Tomcat started on port(s): 5000 (http) with context path '/process'
2022-05-11_22-28-05 [restartedMain] INFO  s.d.s.w.p.DocumentationPluginsBootstrapper - Context refreshed
2022-05-11_22-28-05 [restartedMain] INFO  s.d.s.w.p.DocumentationPluginsBootstrapper - Found 1 custom documentation plugin(s)
2022-05-11_22-28-05 [restartedMain] INFO  s.d.s.w.s.ApiListingReferenceScanner - Scanning for api listing references
2022-05-11_22-28-05 [restartedMain] INFO  s.d.s.w.r.o.CachingOperationNameGenerator - Generating unique operation named: handleUsingGET_1
2022-05-11_22-28-05 [restartedMain] INFO  s.d.s.w.r.o.CachingOperationNameGenerator - Generating unique operation named: handleUsingGET_2
2022-05-11_22-28-05 [restartedMain] INFO  c.p.p.ProcessPensionMicroserviceApplication - Started ProcessPensionMicroserviceApplication in 20.885 seconds (JVM running for 23.85)
2022-05-11_22-28-05 [http-nio-5000-exec-2] INFO  o.a.c.c.C.[.[localhost].[/process] - Initializing Spring DispatcherServlet 'dispatcherServlet'
2022-05-11_22-28-05 [http-nio-5000-exec-2] INFO  o.s.web.servlet.DispatcherServlet - Initializing Servlet 'dispatcherServlet'
2022-05-11_22-28-05 [http-nio-5000-exec-2] INFO  o.s.web.servlet.DispatcherServlet - Completed initialization in 6 ms
2022-05-11_23-13-55 [main] INFO  o.s.b.t.c.SpringBootTestContextBootstrapper - Neither @ContextConfiguration nor @ContextHierarchy found for test class [com.pension.process.service.ProcessPensionServiceTest], using SpringBootContextLoader
2022-05-11_23-13-55 [main] INFO  o.s.t.c.s.AbstractContextLoader - Could not detect default resource locations for test class [com.pension.process.service.ProcessPensionServiceTest]: no resource found for suffixes {-context.xml, Context.groovy}.
2022-05-11_23-13-55 [main] INFO  o.s.t.c.s.AnnotationConfigContextLoaderUtils - Could not detect default configuration classes for test class [com.pension.process.service.ProcessPensionServiceTest]: ProcessPensionServiceTest does not declare any static, non-private, non-final, nested classes annotated with @Configuration.
2022-05-11_23-13-55 [main] INFO  o.s.b.t.c.SpringBootTestContextBootstrapper - Found @SpringBootConfiguration com.pension.process.ProcessPensionMicroserviceApplication for test class com.pension.process.service.ProcessPensionServiceTest
2022-05-11_23-13-55 [main] INFO  o.s.b.t.c.SpringBootTestContextBootstrapper - Loaded default TestExecutionListener class names from location [META-INF/spring.factories]: [org.springframework.boot.test.mock.mockito.MockitoTestExecutionListener, org.springframework.boot.test.mock.mockito.ResetMocksTestExecutionListener, org.springframework.boot.test.autoconfigure.restdocs.RestDocsTestExecutionListener, org.springframework.boot.test.autoconfigure.web.client.MockRestServiceServerResetTestExecutionListener, org.springframework.boot.test.autoconfigure.web.servlet.MockMvcPrintOnlyOnFailureTestExecutionListener, org.springframework.boot.test.autoconfigure.web.servlet.WebDriverTestExecutionListener, org.springframework.boot.test.autoconfigure.webservices.client.MockWebServiceServerTestExecutionListener, org.springframework.test.context.web.ServletTestExecutionListener, org.springframework.test.context.support.DirtiesContextBeforeModesTestExecutionListener, org.springframework.test.context.event.ApplicationEventsTestExecutionListener, org.springframework.test.context.support.DependencyInjectionTestExecutionListener, org.springframework.test.context.support.DirtiesContextTestExecutionListener, org.springframework.test.context.transaction.TransactionalTestExecutionListener, org.springframework.test.context.jdbc.SqlScriptsTestExecutionListener, org.springframework.test.context.event.EventPublishingTestExecutionListener]
2022-05-11_23-13-55 [main] INFO  o.s.b.t.c.SpringBootTestContextBootstrapper - Using TestExecutionListeners: [org.springframework.test.context.web.ServletTestExecutionListener@4189d70b, org.springframework.test.context.support.DirtiesContextBeforeModesTestExecutionListener@3fa2213, org.springframework.test.context.event.ApplicationEventsTestExecutionListener@3e7634b9, org.springframework.boot.test.mock.mockito.MockitoTestExecutionListener@6f0b0a5e, org.springframework.boot.test.autoconfigure.SpringBootDependencyInjectionTestExecutionListener@6035b93b, org.springframework.test.context.support.DirtiesContextTestExecutionListener@320de594, org.springframework.test.context.event.EventPublishingTestExecutionListener@3dd1dc90, org.springframework.boot.test.mock.mockito.ResetMocksTestExecutionListener@abf688e, org.springframework.boot.test.autoconfigure.restdocs.RestDocsTestExecutionListener@478ee483, org.springframework.boot.test.autoconfigure.web.client.MockRestServiceServerResetTestExecutionListener@1a7288a3, org.springframework.boot.test.autoconfigure.web.servlet.MockMvcPrintOnlyOnFailureTestExecutionListener@2974f221, org.springframework.boot.test.autoconfigure.web.servlet.WebDriverTestExecutionListener@58fe0499, org.springframework.boot.test.autoconfigure.webservices.client.MockWebServiceServerTestExecutionListener@686449f9]
2022-05-11_23-13-58 [main] INFO  c.p.p.s.ProcessPensionServiceTest - Starting ProcessPensionServiceTest using Java 18 on DESKTOP-DAC986Q with PID 4272 (started by Elcot in C:\Users\Elcot\Downloads\Pension-Management-System\ProcessPension-Microservice)
2022-05-11_23-13-58 [main] INFO  c.p.p.s.ProcessPensionServiceTest - No active profile set, falling back to default profiles: default
2022-05-11_23-13-58 [background-preinit] INFO  o.h.validator.internal.util.Version - HV000001: Hibernate Validator 6.1.7.Final
2022-05-11_23-13-58 [main] INFO  o.s.cloud.context.scope.GenericScope - BeanFactory id=de444c9b-d8bc-3218-aa53-fbbac0281452
2022-05-11_23-13-58 [main] INFO  o.s.c.s.PostProcessorRegistrationDelegate$BeanPostProcessorChecker - Bean 'com.pension.process.feignclient.AuthorisingClient' of type [org.springframework.cloud.openfeign.FeignClientFactoryBean] is not eligible for getting processed by all BeanPostProcessors (for example: not eligible for auto-proxying)
2022-05-11_23-13-58 [main] INFO  o.s.c.s.PostProcessorRegistrationDelegate$BeanPostProcessorChecker - Bean 'com.pension.process.feignclient.PensionDisbursementFeignClient' of type [org.springframework.cloud.openfeign.FeignClientFactoryBean] is not eligible for getting processed by all BeanPostProcessors (for example: not eligible for auto-proxying)
2022-05-11_23-13-58 [main] INFO  o.s.c.s.PostProcessorRegistrationDelegate$BeanPostProcessorChecker - Bean 'com.pension.process.feignclient.PensionerDetailFeignClient' of type [org.springframework.cloud.openfeign.FeignClientFactoryBean] is not eligible for getting processed by all BeanPostProcessors (for example: not eligible for auto-proxying)
2022-05-11_23-13-58 [main] INFO  o.s.b.a.e.web.EndpointLinksResolver - Exposing 2 endpoint(s) beneath base path '/actuator'
2022-05-11_23-13-58 [main] INFO  s.d.s.w.PropertySourcedRequestMappingHandlerMapping - Mapped URL path [/v2/api-docs] onto method [springfox.documentation.swagger2.web.Swagger2Controller#getDocumentation(String, HttpServletRequest)]
2022-05-11_23-13-58 [main] INFO  o.s.s.c.ThreadPoolTaskExecutor - Initializing ExecutorService 'applicationTaskExecutor'
2022-05-11_23-13-58 [main] INFO  s.d.s.w.p.DocumentationPluginsBootstrapper - Context refreshed
2022-05-11_23-13-58 [main] INFO  s.d.s.w.p.DocumentationPluginsBootstrapper - Found 1 custom documentation plugin(s)
2022-05-11_23-13-58 [main] INFO  s.d.s.w.s.ApiListingReferenceScanner - Scanning for api listing references
2022-05-11_23-13-58 [main] INFO  s.d.s.w.r.o.CachingOperationNameGenerator - Generating unique operation named: handleUsingGET_1
2022-05-11_23-13-58 [main] INFO  s.d.s.w.r.o.CachingOperationNameGenerator - Generating unique operation named: handleUsingGET_2
2022-05-11_23-13-58 [main] INFO  c.p.p.s.ProcessPensionServiceTest - Started ProcessPensionServiceTest in 16.318 seconds (JVM running for 21.441)
2022-05-11_23-13-58 [main] INFO  o.s.b.t.c.SpringBootTestContextBootstrapper - Neither @ContextConfiguration nor @ContextHierarchy found for test class [com.pension.process.ProcessPensionMicroserviceApplicationTests], using SpringBootContextLoader
2022-05-11_23-13-58 [main] INFO  o.s.t.c.s.AbstractContextLoader - Could not detect default resource locations for test class [com.pension.process.ProcessPensionMicroserviceApplicationTests]: no resource found for suffixes {-context.xml, Context.groovy}.
2022-05-11_23-13-58 [main] INFO  o.s.t.c.s.AnnotationConfigContextLoaderUtils - Could not detect default configuration classes for test class [com.pension.process.ProcessPensionMicroserviceApplicationTests]: ProcessPensionMicroserviceApplicationTests does not declare any static, non-private, non-final, nested classes annotated with @Configuration.
2022-05-11_23-13-58 [main] INFO  o.s.b.t.c.SpringBootTestContextBootstrapper - Found @SpringBootConfiguration com.pension.process.ProcessPensionMicroserviceApplication for test class com.pension.process.ProcessPensionMicroserviceApplicationTests
2022-05-11_23-13-58 [main] INFO  o.s.b.t.c.SpringBootTestContextBootstrapper - Loaded default TestExecutionListener class names from location [META-INF/spring.factories]: [org.springframework.boot.test.mock.mockito.MockitoTestExecutionListener, org.springframework.boot.test.mock.mockito.ResetMocksTestExecutionListener, org.springframework.boot.test.autoconfigure.restdocs.RestDocsTestExecutionListener, org.springframework.boot.test.autoconfigure.web.client.MockRestServiceServerResetTestExecutionListener, org.springframework.boot.test.autoconfigure.web.servlet.MockMvcPrintOnlyOnFailureTestExecutionListener, org.springframework.boot.test.autoconfigure.web.servlet.WebDriverTestExecutionListener, org.springframework.boot.test.autoconfigure.webservices.client.MockWebServiceServerTestExecutionListener, org.springframework.test.context.web.ServletTestExecutionListener, org.springframework.test.context.support.DirtiesContextBeforeModesTestExecutionListener, org.springframework.test.context.event.ApplicationEventsTestExecutionListener, org.springframework.test.context.support.DependencyInjectionTestExecutionListener, org.springframework.test.context.support.DirtiesContextTestExecutionListener, org.springframework.test.context.transaction.TransactionalTestExecutionListener, org.springframework.test.context.jdbc.SqlScriptsTestExecutionListener, org.springframework.test.context.event.EventPublishingTestExecutionListener]
2022-05-11_23-13-58 [main] INFO  o.s.b.t.c.SpringBootTestContextBootstrapper - Using TestExecutionListeners: [org.springframework.test.context.web.ServletTestExecutionListener@6ed7c178, org.springframework.test.context.support.DirtiesContextBeforeModesTestExecutionListener@1c382179, org.springframework.test.context.event.ApplicationEventsTestExecutionListener@5b657342, org.springframework.boot.test.mock.mockito.MockitoTestExecutionListener@15a2fddd, org.springframework.boot.test.autoconfigure.SpringBootDependencyInjectionTestExecutionListener@452e2210, org.springframework.test.context.support.DirtiesContextTestExecutionListener@18c0f025, org.springframework.test.context.event.EventPublishingTestExecutionListener@684f7f1c, org.springframework.boot.test.mock.mockito.ResetMocksTestExecutionListener@6a013bdd, org.springframework.boot.test.autoconfigure.restdocs.RestDocsTestExecutionListener@5e0bba2f, org.springframework.boot.test.autoconfigure.web.client.MockRestServiceServerResetTestExecutionListener@41d53813, org.springframework.boot.test.autoconfigure.web.servlet.MockMvcPrintOnlyOnFailureTestExecutionListener@52f118aa, org.springframework.boot.test.autoconfigure.web.servlet.WebDriverTestExecutionListener@31cd0efa, org.springframework.boot.test.autoconfigure.webservices.client.MockWebServiceServerTestExecutionListener@3294102e]
2022-05-11_23-14-16 [main] INFO  c.p.p.ProcessPensionMicroserviceApplication - Starting ProcessPensionMicroserviceApplication using Java 18 on DESKTOP-DAC986Q with PID 4272 (started by Elcot in C:\Users\Elcot\Downloads\Pension-Management-System\ProcessPension-Microservice)
2022-05-11_23-14-16 [main] INFO  c.p.p.ProcessPensionMicroserviceApplication - No active profile set, falling back to default profiles: default
2022-05-11_23-14-16 [main] INFO  o.s.cloud.context.scope.GenericScope - BeanFactory id=6264e97b-fef0-3849-9507-bde56deace9b
2022-05-11_23-14-16 [main] INFO  o.s.c.s.PostProcessorRegistrationDelegate$BeanPostProcessorChecker - Bean 'com.pension.process.feignclient.AuthorisingClient' of type [org.springframework.cloud.openfeign.FeignClientFactoryBean] is not eligible for getting processed by all BeanPostProcessors (for example: not eligible for auto-proxying)
2022-05-11_23-14-16 [main] INFO  o.s.c.s.PostProcessorRegistrationDelegate$BeanPostProcessorChecker - Bean 'com.pension.process.feignclient.PensionDisbursementFeignClient' of type [org.springframework.cloud.openfeign.FeignClientFactoryBean] is not eligible for getting processed by all BeanPostProcessors (for example: not eligible for auto-proxying)
2022-05-11_23-14-16 [main] INFO  o.s.c.s.PostProcessorRegistrationDelegate$BeanPostProcessorChecker - Bean 'com.pension.process.feignclient.PensionerDetailFeignClient' of type [org.springframework.cloud.openfeign.FeignClientFactoryBean] is not eligible for getting processed by all BeanPostProcessors (for example: not eligible for auto-proxying)
2022-05-11_23-14-16 [main] INFO  o.s.b.w.e.tomcat.TomcatWebServer - Tomcat initialized with port(s): 5000 (http)
2022-05-11_23-14-16 [main] INFO  o.a.coyote.http11.Http11NioProtocol - Initializing ProtocolHandler ["http-nio-5000"]
2022-05-11_23-14-16 [main] INFO  o.a.catalina.core.StandardService - Starting service [Tomcat]
2022-05-11_23-14-16 [main] INFO  o.a.catalina.core.StandardEngine - Starting Servlet engine: [Apache Tomcat/9.0.41]
2022-05-11_23-14-16 [main] INFO  o.a.c.c.C.[.[localhost].[/process] - Initializing Spring embedded WebApplicationContext
2022-05-11_23-14-16 [main] INFO  o.s.b.w.s.c.ServletWebServerApplicationContext - Root WebApplicationContext: initialization completed in 2804 ms
2022-05-11_23-14-16 [main] INFO  o.s.b.a.e.web.EndpointLinksResolver - Exposing 2 endpoint(s) beneath base path '/actuator'
2022-05-11_23-14-16 [main] INFO  s.d.s.w.PropertySourcedRequestMappingHandlerMapping - Mapped URL path [/v2/api-docs] onto method [springfox.documentation.swagger2.web.Swagger2Controller#getDocumentation(String, HttpServletRequest)]
2022-05-11_23-14-16 [main] INFO  o.s.s.c.ThreadPoolTaskExecutor - Initializing ExecutorService 'applicationTaskExecutor'
2022-05-11_23-14-16 [main] INFO  o.a.coyote.http11.Http11NioProtocol - Starting ProtocolHandler ["http-nio-5000"]
2022-05-11_23-14-16 [main] INFO  o.s.b.w.e.tomcat.TomcatWebServer - Tomcat started on port(s): 5000 (http) with context path '/process'
2022-05-11_23-14-16 [main] INFO  s.d.s.w.p.DocumentationPluginsBootstrapper - Context refreshed
2022-05-11_23-14-16 [main] INFO  s.d.s.w.p.DocumentationPluginsBootstrapper - Found 1 custom documentation plugin(s)
2022-05-11_23-14-16 [main] INFO  s.d.s.w.s.ApiListingReferenceScanner - Scanning for api listing references
2022-05-11_23-14-16 [main] INFO  s.d.s.w.r.o.CachingOperationNameGenerator - Generating unique operation named: handleUsingGET_1
2022-05-11_23-14-16 [main] INFO  s.d.s.w.r.o.CachingOperationNameGenerator - Generating unique operation named: handleUsingGET_2
2022-05-11_23-14-16 [main] INFO  c.p.p.ProcessPensionMicroserviceApplication - Started ProcessPensionMicroserviceApplication in 5.724 seconds (JVM running for 30.169)
2022-05-11_23-14-16 [main] INFO  o.s.b.t.c.SpringBootTestContextBootstrapper - Neither @ContextConfiguration nor @ContextHierarchy found for test class [com.pension.process.exception.ProcessPensionExceptionTest], using SpringBootContextLoader
2022-05-11_23-14-16 [main] INFO  o.s.t.c.s.AbstractContextLoader - Could not detect default resource locations for test class [com.pension.process.exception.ProcessPensionExceptionTest]: no resource found for suffixes {-context.xml, Context.groovy}.
2022-05-11_23-14-16 [main] INFO  o.s.t.c.s.AnnotationConfigContextLoaderUtils - Could not detect default configuration classes for test class [com.pension.process.exception.ProcessPensionExceptionTest]: ProcessPensionExceptionTest does not declare any static, non-private, non-final, nested classes annotated with @Configuration.
2022-05-11_23-14-16 [main] INFO  o.s.b.t.c.SpringBootTestContextBootstrapper - Found @SpringBootConfiguration com.pension.process.ProcessPensionMicroserviceApplication for test class com.pension.process.exception.ProcessPensionExceptionTest
2022-05-11_23-14-16 [main] INFO  o.s.b.t.c.SpringBootTestContextBootstrapper - Loaded default TestExecutionListener class names from location [META-INF/spring.factories]: [org.springframework.boot.test.mock.mockito.MockitoTestExecutionListener, org.springframework.boot.test.mock.mockito.ResetMocksTestExecutionListener, org.springframework.boot.test.autoconfigure.restdocs.RestDocsTestExecutionListener, org.springframework.boot.test.autoconfigure.web.client.MockRestServiceServerResetTestExecutionListener, org.springframework.boot.test.autoconfigure.web.servlet.MockMvcPrintOnlyOnFailureTestExecutionListener, org.springframework.boot.test.autoconfigure.web.servlet.WebDriverTestExecutionListener, org.springframework.boot.test.autoconfigure.webservices.client.MockWebServiceServerTestExecutionListener, org.springframework.test.context.web.ServletTestExecutionListener, org.springframework.test.context.support.DirtiesContextBeforeModesTestExecutionListener, org.springframework.test.context.event.ApplicationEventsTestExecutionListener, org.springframework.test.context.support.DependencyInjectionTestExecutionListener, org.springframework.test.context.support.DirtiesContextTestExecutionListener, org.springframework.test.context.transaction.TransactionalTestExecutionListener, org.springframework.test.context.jdbc.SqlScriptsTestExecutionListener, org.springframework.test.context.event.EventPublishingTestExecutionListener]
2022-05-11_23-14-16 [main] INFO  o.s.b.t.c.SpringBootTestContextBootstrapper - Using TestExecutionListeners: [org.springframework.test.context.web.ServletTestExecutionListener@3284f91f, org.springframework.test.context.support.DirtiesContextBeforeModesTestExecutionListener@125bc00d, org.springframework.test.context.event.ApplicationEventsTestExecutionListener@77e4ffe5, org.springframework.boot.test.mock.mockito.MockitoTestExecutionListener@59bf79f3, org.springframework.boot.test.autoconfigure.SpringBootDependencyInjectionTestExecutionListener@4c663fda, org.springframework.test.context.support.DirtiesContextTestExecutionListener@f1d5f3, org.springframework.test.context.event.EventPublishingTestExecutionListener@50ba19df, org.springframework.boot.test.mock.mockito.ResetMocksTestExecutionListener@726882da, org.springframework.boot.test.autoconfigure.restdocs.RestDocsTestExecutionListener@f0deba2, org.springframework.boot.test.autoconfigure.web.client.MockRestServiceServerResetTestExecutionListener@1ddf9fd, org.springframework.boot.test.autoconfigure.web.servlet.MockMvcPrintOnlyOnFailureTestExecutionListener@1297cf8, org.springframework.boot.test.autoconfigure.web.servlet.WebDriverTestExecutionListener@37e15055, org.springframework.boot.test.autoconfigure.webservices.client.MockWebServiceServerTestExecutionListener@57d1edf0]
2022-05-11_23-14-16 [main] INFO  o.s.b.t.c.SpringBootTestContextBootstrapper - Neither @ContextConfiguration nor @ContextHierarchy found for test class [com.pension.process.controller.ProcessPensionControllerMethodTest], using SpringBootContextLoader
2022-05-11_23-14-16 [main] INFO  o.s.t.c.s.AbstractContextLoader - Could not detect default resource locations for test class [com.pension.process.controller.ProcessPensionControllerMethodTest]: no resource found for suffixes {-context.xml, Context.groovy}.
2022-05-11_23-14-16 [main] INFO  o.s.t.c.s.AnnotationConfigContextLoaderUtils - Could not detect default configuration classes for test class [com.pension.process.controller.ProcessPensionControllerMethodTest]: ProcessPensionControllerMethodTest does not declare any static, non-private, non-final, nested classes annotated with @Configuration.
2022-05-11_23-14-16 [main] INFO  o.s.b.t.c.SpringBootTestContextBootstrapper - Found @SpringBootConfiguration com.pension.process.ProcessPensionMicroserviceApplication for test class com.pension.process.controller.ProcessPensionControllerMethodTest
2022-05-11_23-14-16 [main] INFO  o.s.b.t.c.SpringBootTestContextBootstrapper - Loaded default TestExecutionListener class names from location [META-INF/spring.factories]: [org.springframework.boot.test.mock.mockito.MockitoTestExecutionListener, org.springframework.boot.test.mock.mockito.ResetMocksTestExecutionListener, org.springframework.boot.test.autoconfigure.restdocs.RestDocsTestExecutionListener, org.springframework.boot.test.autoconfigure.web.client.MockRestServiceServerResetTestExecutionListener, org.springframework.boot.test.autoconfigure.web.servlet.MockMvcPrintOnlyOnFailureTestExecutionListener, org.springframework.boot.test.autoconfigure.web.servlet.WebDriverTestExecutionListener, org.springframework.boot.test.autoconfigure.webservices.client.MockWebServiceServerTestExecutionListener, org.springframework.test.context.web.ServletTestExecutionListener, org.springframework.test.context.support.DirtiesContextBeforeModesTestExecutionListener, org.springframework.test.context.event.ApplicationEventsTestExecutionListener, org.springframework.test.context.support.DependencyInjectionTestExecutionListener, org.springframework.test.context.support.DirtiesContextTestExecutionListener, org.springframework.test.context.transaction.TransactionalTestExecutionListener, org.springframework.test.context.jdbc.SqlScriptsTestExecutionListener, org.springframework.test.context.event.EventPublishingTestExecutionListener]
2022-05-11_23-14-16 [main] INFO  o.s.b.t.c.SpringBootTestContextBootstrapper - Using TestExecutionListeners: [org.springframework.test.context.web.ServletTestExecutionListener@e5bce8e, org.springframework.test.context.support.DirtiesContextBeforeModesTestExecutionListener@66ca8882, org.springframework.test.context.event.ApplicationEventsTestExecutionListener@4c0989f7, org.springframework.boot.test.mock.mockito.MockitoTestExecutionListener@384b718c, org.springframework.boot.test.autoconfigure.SpringBootDependencyInjectionTestExecutionListener@68b4e7b5, org.springframework.test.context.support.DirtiesContextTestExecutionListener@5a88ecb9, org.springframework.test.context.event.EventPublishingTestExecutionListener@5ace902e, org.springframework.boot.test.mock.mockito.ResetMocksTestExecutionListener@396a4dea, org.springframework.boot.test.autoconfigure.restdocs.RestDocsTestExecutionListener@76ac8c3d, org.springframework.boot.test.autoconfigure.web.client.MockRestServiceServerResetTestExecutionListener@6b5c4b75, org.springframework.boot.test.autoconfigure.web.servlet.MockMvcPrintOnlyOnFailureTestExecutionListener@453de9d0, org.springframework.boot.test.autoconfigure.web.servlet.WebDriverTestExecutionListener@2e53f980, org.springframework.boot.test.autoconfigure.webservices.client.MockWebServiceServerTestExecutionListener@3c8c5513]
2022-05-11_23-14-23 [main] INFO  c.p.p.c.ProcessPensionControllerMethodTest - Starting ProcessPensionControllerMethodTest using Java 18 on DESKTOP-DAC986Q with PID 4272 (started by Elcot in C:\Users\Elcot\Downloads\Pension-Management-System\ProcessPension-Microservice)
2022-05-11_23-14-23 [main] INFO  c.p.p.c.ProcessPensionControllerMethodTest - No active profile set, falling back to default profiles: default
2022-05-11_23-14-23 [main] INFO  o.s.cloud.context.scope.GenericScope - BeanFactory id=d7570e80-e0e7-31d4-a789-10a9a45ba459
2022-05-11_23-14-23 [main] INFO  o.s.c.s.PostProcessorRegistrationDelegate$BeanPostProcessorChecker - Bean 'com.pension.process.feignclient.PensionDisbursementFeignClient' of type [org.springframework.cloud.openfeign.FeignClientFactoryBean] is not eligible for getting processed by all BeanPostProcessors (for example: not eligible for auto-proxying)
2022-05-11_23-14-23 [main] INFO  o.s.c.s.PostProcessorRegistrationDelegate$BeanPostProcessorChecker - Bean 'com.pension.process.feignclient.PensionerDetailFeignClient' of type [org.springframework.cloud.openfeign.FeignClientFactoryBean] is not eligible for getting processed by all BeanPostProcessors (for example: not eligible for auto-proxying)
2022-05-11_23-14-23 [main] INFO  o.s.b.a.e.web.EndpointLinksResolver - Exposing 2 endpoint(s) beneath base path '/actuator'
2022-05-11_23-14-23 [main] INFO  s.d.s.w.PropertySourcedRequestMappingHandlerMapping - Mapped URL path [/v2/api-docs] onto method [springfox.documentation.swagger2.web.Swagger2Controller#getDocumentation(String, HttpServletRequest)]
2022-05-11_23-14-23 [main] INFO  o.s.s.c.ThreadPoolTaskExecutor - Initializing ExecutorService 'applicationTaskExecutor'
2022-05-11_23-14-23 [main] INFO  o.s.b.t.m.w.SpringBootMockServletContext - Initializing Spring TestDispatcherServlet ''
2022-05-11_23-14-23 [main] INFO  o.s.t.w.s.TestDispatcherServlet - Initializing Servlet ''
2022-05-11_23-14-23 [main] INFO  o.s.t.w.s.TestDispatcherServlet - Completed initialization in 3 ms
2022-05-11_23-14-23 [main] INFO  s.d.s.w.p.DocumentationPluginsBootstrapper - Context refreshed
2022-05-11_23-14-23 [main] INFO  s.d.s.w.p.DocumentationPluginsBootstrapper - Found 1 custom documentation plugin(s)
2022-05-11_23-14-23 [main] INFO  s.d.s.w.s.ApiListingReferenceScanner - Scanning for api listing references
2022-05-11_23-14-23 [main] INFO  s.d.s.w.r.o.CachingOperationNameGenerator - Generating unique operation named: handleUsingGET_1
2022-05-11_23-14-23 [main] INFO  s.d.s.w.r.o.CachingOperationNameGenerator - Generating unique operation named: handleUsingGET_2
2022-05-11_23-14-23 [main] INFO  c.p.p.c.ProcessPensionControllerMethodTest - Started ProcessPensionControllerMethodTest in 5.236 seconds (JVM running for 35.809)
2022-05-11_23-14-23 [main] INFO  o.s.b.t.c.SpringBootTestContextBootstrapper - Neither @ContextConfiguration nor @ContextHierarchy found for test class [com.pension.process.controller.PensionProcessControllerTest], using SpringBootContextLoader
2022-05-11_23-14-23 [main] INFO  o.s.t.c.s.AbstractContextLoader - Could not detect default resource locations for test class [com.pension.process.controller.PensionProcessControllerTest]: no resource found for suffixes {-context.xml, Context.groovy}.
2022-05-11_23-14-23 [main] INFO  o.s.t.c.s.AnnotationConfigContextLoaderUtils - Could not detect default configuration classes for test class [com.pension.process.controller.PensionProcessControllerTest]: PensionProcessControllerTest does not declare any static, non-private, non-final, nested classes annotated with @Configuration.
2022-05-11_23-14-23 [main] INFO  o.s.b.t.c.SpringBootTestContextBootstrapper - Found @SpringBootConfiguration com.pension.process.ProcessPensionMicroserviceApplication for test class com.pension.process.controller.PensionProcessControllerTest
2022-05-11_23-14-23 [main] INFO  o.s.b.t.c.SpringBootTestContextBootstrapper - Loaded default TestExecutionListener class names from location [META-INF/spring.factories]: [org.springframework.boot.test.mock.mockito.MockitoTestExecutionListener, org.springframework.boot.test.mock.mockito.ResetMocksTestExecutionListener, org.springframework.boot.test.autoconfigure.restdocs.RestDocsTestExecutionListener, org.springframework.boot.test.autoconfigure.web.client.MockRestServiceServerResetTestExecutionListener, org.springframework.boot.test.autoconfigure.web.servlet.MockMvcPrintOnlyOnFailureTestExecutionListener, org.springframework.boot.test.autoconfigure.web.servlet.WebDriverTestExecutionListener, org.springframework.boot.test.autoconfigure.webservices.client.MockWebServiceServerTestExecutionListener, org.springframework.test.context.web.ServletTestExecutionListener, org.springframework.test.context.support.DirtiesContextBeforeModesTestExecutionListener, org.springframework.test.context.event.ApplicationEventsTestExecutionListener, org.springframework.test.context.support.DependencyInjectionTestExecutionListener, org.springframework.test.context.support.DirtiesContextTestExecutionListener, org.springframework.test.context.transaction.TransactionalTestExecutionListener, org.springframework.test.context.jdbc.SqlScriptsTestExecutionListener, org.springframework.test.context.event.EventPublishingTestExecutionListener]
2022-05-11_23-14-23 [main] INFO  o.s.b.t.c.SpringBootTestContextBootstrapper - Using TestExecutionListeners: [org.springframework.test.context.web.ServletTestExecutionListener@5188c0f2, org.springframework.test.context.support.DirtiesContextBeforeModesTestExecutionListener@5524e471, org.springframework.test.context.event.ApplicationEventsTestExecutionListener@3b6d94fc, org.springframework.boot.test.mock.mockito.MockitoTestExecutionListener@71c77042, org.springframework.boot.test.autoconfigure.SpringBootDependencyInjectionTestExecutionListener@665fb1d8, org.springframework.test.context.support.DirtiesContextTestExecutionListener@142ac60e, org.springframework.test.context.event.EventPublishingTestExecutionListener@43376a03, org.springframework.boot.test.mock.mockito.ResetMocksTestExecutionListener@9b84747, org.springframework.boot.test.autoconfigure.restdocs.RestDocsTestExecutionListener@1272f6d9, org.springframework.boot.test.autoconfigure.web.client.MockRestServiceServerResetTestExecutionListener@50aa482f, org.springframework.boot.test.autoconfigure.web.servlet.MockMvcPrintOnlyOnFailureTestExecutionListener@2835574b, org.springframework.boot.test.autoconfigure.web.servlet.WebDriverTestExecutionListener@63fcbf75, org.springframework.boot.test.autoconfigure.webservices.client.MockWebServiceServerTestExecutionListener@663d59ed]
2022-05-11_23-14-28 [main] INFO  c.p.p.c.PensionProcessControllerTest - Starting PensionProcessControllerTest using Java 18 on DESKTOP-DAC986Q with PID 4272 (started by Elcot in C:\Users\Elcot\Downloads\Pension-Management-System\ProcessPension-Microservice)
2022-05-11_23-14-28 [main] INFO  c.p.p.c.PensionProcessControllerTest - No active profile set, falling back to default profiles: default
2022-05-11_23-14-28 [main] INFO  o.s.cloud.context.scope.GenericScope - BeanFactory id=d7570e80-e0e7-31d4-a789-10a9a45ba459
2022-05-11_23-14-28 [main] INFO  o.s.b.a.e.web.EndpointLinksResolver - Exposing 2 endpoint(s) beneath base path '/actuator'
2022-05-11_23-14-28 [main] INFO  s.d.s.w.PropertySourcedRequestMappingHandlerMapping - Mapped URL path [/v2/api-docs] onto method [springfox.documentation.swagger2.web.Swagger2Controller#getDocumentation(String, HttpServletRequest)]
2022-05-11_23-14-28 [main] INFO  o.s.s.c.ThreadPoolTaskExecutor - Initializing ExecutorService 'applicationTaskExecutor'
2022-05-11_23-14-28 [main] INFO  o.s.b.t.m.w.SpringBootMockServletContext - Initializing Spring TestDispatcherServlet ''
2022-05-11_23-14-28 [main] INFO  o.s.t.w.s.TestDispatcherServlet - Initializing Servlet ''
2022-05-11_23-14-28 [main] INFO  o.s.t.w.s.TestDispatcherServlet - Completed initialization in 2 ms
2022-05-11_23-14-28 [main] INFO  s.d.s.w.p.DocumentationPluginsBootstrapper - Context refreshed
2022-05-11_23-14-28 [main] INFO  s.d.s.w.p.DocumentationPluginsBootstrapper - Found 1 custom documentation plugin(s)
2022-05-11_23-14-28 [main] INFO  s.d.s.w.s.ApiListingReferenceScanner - Scanning for api listing references
2022-05-11_23-14-28 [main] INFO  s.d.s.w.r.o.CachingOperationNameGenerator - Generating unique operation named: handleUsingGET_1
2022-05-11_23-14-28 [main] INFO  s.d.s.w.r.o.CachingOperationNameGenerator - Generating unique operation named: handleUsingGET_2
2022-05-11_23-14-28 [main] INFO  c.p.p.c.PensionProcessControllerTest - Started PensionProcessControllerTest in 4.974 seconds (JVM running for 41.046)
2022-05-11_23-14-28 [SpringContextShutdownHook] INFO  o.s.s.c.ThreadPoolTaskExecutor - Shutting down ExecutorService 'applicationTaskExecutor'
2022-05-11_23-14-28 [SpringContextShutdownHook] INFO  o.s.s.c.ThreadPoolTaskExecutor - Shutting down ExecutorService 'applicationTaskExecutor'
2022-05-11_23-14-28 [SpringContextShutdownHook] INFO  o.s.s.c.ThreadPoolTaskExecutor - Shutting down ExecutorService 'applicationTaskExecutor'
2022-05-11_23-14-28 [SpringContextShutdownHook] INFO  o.s.s.c.ThreadPoolTaskExecutor - Shutting down ExecutorService 'applicationTaskExecutor'
2022-05-11_23-15-14 [main] INFO  o.s.b.t.c.SpringBootTestContextBootstrapper - Neither @ContextConfiguration nor @ContextHierarchy found for test class [com.pension.process.service.ProcessPensionServiceTest], using SpringBootContextLoader
2022-05-11_23-15-14 [main] INFO  o.s.t.c.s.AbstractContextLoader - Could not detect default resource locations for test class [com.pension.process.service.ProcessPensionServiceTest]: no resource found for suffixes {-context.xml, Context.groovy}.
2022-05-11_23-15-14 [main] INFO  o.s.t.c.s.AnnotationConfigContextLoaderUtils - Could not detect default configuration classes for test class [com.pension.process.service.ProcessPensionServiceTest]: ProcessPensionServiceTest does not declare any static, non-private, non-final, nested classes annotated with @Configuration.
2022-05-11_23-15-14 [main] INFO  o.s.b.t.c.SpringBootTestContextBootstrapper - Found @SpringBootConfiguration com.pension.process.ProcessPensionMicroserviceApplication for test class com.pension.process.service.ProcessPensionServiceTest
2022-05-11_23-15-14 [main] INFO  o.s.b.t.c.SpringBootTestContextBootstrapper - Loaded default TestExecutionListener class names from location [META-INF/spring.factories]: [org.springframework.boot.test.mock.mockito.MockitoTestExecutionListener, org.springframework.boot.test.mock.mockito.ResetMocksTestExecutionListener, org.springframework.boot.test.autoconfigure.restdocs.RestDocsTestExecutionListener, org.springframework.boot.test.autoconfigure.web.client.MockRestServiceServerResetTestExecutionListener, org.springframework.boot.test.autoconfigure.web.servlet.MockMvcPrintOnlyOnFailureTestExecutionListener, org.springframework.boot.test.autoconfigure.web.servlet.WebDriverTestExecutionListener, org.springframework.boot.test.autoconfigure.webservices.client.MockWebServiceServerTestExecutionListener, org.springframework.test.context.web.ServletTestExecutionListener, org.springframework.test.context.support.DirtiesContextBeforeModesTestExecutionListener, org.springframework.test.context.event.ApplicationEventsTestExecutionListener, org.springframework.test.context.support.DependencyInjectionTestExecutionListener, org.springframework.test.context.support.DirtiesContextTestExecutionListener, org.springframework.test.context.transaction.TransactionalTestExecutionListener, org.springframework.test.context.jdbc.SqlScriptsTestExecutionListener, org.springframework.test.context.event.EventPublishingTestExecutionListener]
2022-05-11_23-15-14 [main] INFO  o.s.b.t.c.SpringBootTestContextBootstrapper - Using TestExecutionListeners: [org.springframework.test.context.web.ServletTestExecutionListener@7516e4e5, org.springframework.test.context.support.DirtiesContextBeforeModesTestExecutionListener@488eb7f2, org.springframework.test.context.event.ApplicationEventsTestExecutionListener@5e81e5ac, org.springframework.boot.test.mock.mockito.MockitoTestExecutionListener@4189d70b, org.springframework.boot.test.autoconfigure.SpringBootDependencyInjectionTestExecutionListener@3fa2213, org.springframework.test.context.support.DirtiesContextTestExecutionListener@3e7634b9, org.springframework.test.context.event.EventPublishingTestExecutionListener@6f0b0a5e, org.springframework.boot.test.mock.mockito.ResetMocksTestExecutionListener@6035b93b, org.springframework.boot.test.autoconfigure.restdocs.RestDocsTestExecutionListener@320de594, org.springframework.boot.test.autoconfigure.web.client.MockRestServiceServerResetTestExecutionListener@3dd1dc90, org.springframework.boot.test.autoconfigure.web.servlet.MockMvcPrintOnlyOnFailureTestExecutionListener@abf688e, org.springframework.boot.test.autoconfigure.web.servlet.WebDriverTestExecutionListener@478ee483, org.springframework.boot.test.autoconfigure.webservices.client.MockWebServiceServerTestExecutionListener@1a7288a3]
2022-05-11_23-15-17 [background-preinit] INFO  o.h.validator.internal.util.Version - HV000001: Hibernate Validator 6.1.7.Final
2022-05-11_23-15-17 [main] INFO  c.p.p.s.ProcessPensionServiceTest - Starting ProcessPensionServiceTest using Java 18 on DESKTOP-DAC986Q with PID 7116 (started by Elcot in C:\Users\Elcot\Downloads\Pension-Management-System\ProcessPension-Microservice)
2022-05-11_23-15-17 [main] INFO  c.p.p.s.ProcessPensionServiceTest - No active profile set, falling back to default profiles: default
2022-05-11_23-15-17 [main] INFO  o.s.cloud.context.scope.GenericScope - BeanFactory id=de444c9b-d8bc-3218-aa53-fbbac0281452
2022-05-11_23-15-17 [main] INFO  o.s.c.s.PostProcessorRegistrationDelegate$BeanPostProcessorChecker - Bean 'com.pension.process.feignclient.AuthorisingClient' of type [org.springframework.cloud.openfeign.FeignClientFactoryBean] is not eligible for getting processed by all BeanPostProcessors (for example: not eligible for auto-proxying)
2022-05-11_23-15-17 [main] INFO  o.s.c.s.PostProcessorRegistrationDelegate$BeanPostProcessorChecker - Bean 'com.pension.process.feignclient.PensionDisbursementFeignClient' of type [org.springframework.cloud.openfeign.FeignClientFactoryBean] is not eligible for getting processed by all BeanPostProcessors (for example: not eligible for auto-proxying)
2022-05-11_23-15-17 [main] INFO  o.s.c.s.PostProcessorRegistrationDelegate$BeanPostProcessorChecker - Bean 'com.pension.process.feignclient.PensionerDetailFeignClient' of type [org.springframework.cloud.openfeign.FeignClientFactoryBean] is not eligible for getting processed by all BeanPostProcessors (for example: not eligible for auto-proxying)
2022-05-11_23-15-17 [main] INFO  o.s.b.a.e.web.EndpointLinksResolver - Exposing 2 endpoint(s) beneath base path '/actuator'
2022-05-11_23-15-17 [main] INFO  s.d.s.w.PropertySourcedRequestMappingHandlerMapping - Mapped URL path [/v2/api-docs] onto method [springfox.documentation.swagger2.web.Swagger2Controller#getDocumentation(String, HttpServletRequest)]
2022-05-11_23-15-17 [main] INFO  o.s.s.c.ThreadPoolTaskExecutor - Initializing ExecutorService 'applicationTaskExecutor'
2022-05-11_23-15-17 [main] INFO  s.d.s.w.p.DocumentationPluginsBootstrapper - Context refreshed
2022-05-11_23-15-17 [main] INFO  s.d.s.w.p.DocumentationPluginsBootstrapper - Found 1 custom documentation plugin(s)
2022-05-11_23-15-17 [main] INFO  s.d.s.w.s.ApiListingReferenceScanner - Scanning for api listing references
2022-05-11_23-15-17 [main] INFO  s.d.s.w.r.o.CachingOperationNameGenerator - Generating unique operation named: handleUsingGET_1
2022-05-11_23-15-17 [main] INFO  s.d.s.w.r.o.CachingOperationNameGenerator - Generating unique operation named: handleUsingGET_2
2022-05-11_23-15-17 [main] INFO  c.p.p.s.ProcessPensionServiceTest - Started ProcessPensionServiceTest in 17.656 seconds (JVM running for 22.327)
2022-05-11_23-15-17 [main] INFO  o.s.b.t.c.SpringBootTestContextBootstrapper - Neither @ContextConfiguration nor @ContextHierarchy found for test class [com.pension.process.ProcessPensionMicroserviceApplicationTests], using SpringBootContextLoader
2022-05-11_23-15-17 [main] INFO  o.s.t.c.s.AbstractContextLoader - Could not detect default resource locations for test class [com.pension.process.ProcessPensionMicroserviceApplicationTests]: no resource found for suffixes {-context.xml, Context.groovy}.
2022-05-11_23-15-17 [main] INFO  o.s.t.c.s.AnnotationConfigContextLoaderUtils - Could not detect default configuration classes for test class [com.pension.process.ProcessPensionMicroserviceApplicationTests]: ProcessPensionMicroserviceApplicationTests does not declare any static, non-private, non-final, nested classes annotated with @Configuration.
2022-05-11_23-15-17 [main] INFO  o.s.b.t.c.SpringBootTestContextBootstrapper - Found @SpringBootConfiguration com.pension.process.ProcessPensionMicroserviceApplication for test class com.pension.process.ProcessPensionMicroserviceApplicationTests
2022-05-11_23-15-17 [main] INFO  o.s.b.t.c.SpringBootTestContextBootstrapper - Loaded default TestExecutionListener class names from location [META-INF/spring.factories]: [org.springframework.boot.test.mock.mockito.MockitoTestExecutionListener, org.springframework.boot.test.mock.mockito.ResetMocksTestExecutionListener, org.springframework.boot.test.autoconfigure.restdocs.RestDocsTestExecutionListener, org.springframework.boot.test.autoconfigure.web.client.MockRestServiceServerResetTestExecutionListener, org.springframework.boot.test.autoconfigure.web.servlet.MockMvcPrintOnlyOnFailureTestExecutionListener, org.springframework.boot.test.autoconfigure.web.servlet.WebDriverTestExecutionListener, org.springframework.boot.test.autoconfigure.webservices.client.MockWebServiceServerTestExecutionListener, org.springframework.test.context.web.ServletTestExecutionListener, org.springframework.test.context.support.DirtiesContextBeforeModesTestExecutionListener, org.springframework.test.context.event.ApplicationEventsTestExecutionListener, org.springframework.test.context.support.DependencyInjectionTestExecutionListener, org.springframework.test.context.support.DirtiesContextTestExecutionListener, org.springframework.test.context.transaction.TransactionalTestExecutionListener, org.springframework.test.context.jdbc.SqlScriptsTestExecutionListener, org.springframework.test.context.event.EventPublishingTestExecutionListener]
2022-05-11_23-15-17 [main] INFO  o.s.b.t.c.SpringBootTestContextBootstrapper - Using TestExecutionListeners: [org.springframework.test.context.web.ServletTestExecutionListener@3b780b5c, org.springframework.test.context.support.DirtiesContextBeforeModesTestExecutionListener@3c7db0e8, org.springframework.test.context.event.ApplicationEventsTestExecutionListener@84becbe, org.springframework.boot.test.mock.mockito.MockitoTestExecutionListener@13dc383b, org.springframework.boot.test.autoconfigure.SpringBootDependencyInjectionTestExecutionListener@6885f3f7, org.springframework.test.context.support.DirtiesContextTestExecutionListener@392ef4ff, org.springframework.test.context.event.EventPublishingTestExecutionListener@6ed7c178, org.springframework.boot.test.mock.mockito.ResetMocksTestExecutionListener@1c382179, org.springframework.boot.test.autoconfigure.restdocs.RestDocsTestExecutionListener@5b657342, org.springframework.boot.test.autoconfigure.web.client.MockRestServiceServerResetTestExecutionListener@15a2fddd, org.springframework.boot.test.autoconfigure.web.servlet.MockMvcPrintOnlyOnFailureTestExecutionListener@452e2210, org.springframework.boot.test.autoconfigure.web.servlet.WebDriverTestExecutionListener@18c0f025, org.springframework.boot.test.autoconfigure.webservices.client.MockWebServiceServerTestExecutionListener@684f7f1c]
2022-05-11_23-15-38 [main] INFO  c.p.p.ProcessPensionMicroserviceApplication - Starting ProcessPensionMicroserviceApplication using Java 18 on DESKTOP-DAC986Q with PID 7116 (started by Elcot in C:\Users\Elcot\Downloads\Pension-Management-System\ProcessPension-Microservice)
2022-05-11_23-15-38 [main] INFO  c.p.p.ProcessPensionMicroserviceApplication - No active profile set, falling back to default profiles: default
2022-05-11_23-15-38 [main] INFO  o.s.cloud.context.scope.GenericScope - BeanFactory id=6264e97b-fef0-3849-9507-bde56deace9b
2022-05-11_23-15-38 [main] INFO  o.s.c.s.PostProcessorRegistrationDelegate$BeanPostProcessorChecker - Bean 'com.pension.process.feignclient.AuthorisingClient' of type [org.springframework.cloud.openfeign.FeignClientFactoryBean] is not eligible for getting processed by all BeanPostProcessors (for example: not eligible for auto-proxying)
2022-05-11_23-15-38 [main] INFO  o.s.c.s.PostProcessorRegistrationDelegate$BeanPostProcessorChecker - Bean 'com.pension.process.feignclient.PensionDisbursementFeignClient' of type [org.springframework.cloud.openfeign.FeignClientFactoryBean] is not eligible for getting processed by all BeanPostProcessors (for example: not eligible for auto-proxying)
2022-05-11_23-15-38 [main] INFO  o.s.c.s.PostProcessorRegistrationDelegate$BeanPostProcessorChecker - Bean 'com.pension.process.feignclient.PensionerDetailFeignClient' of type [org.springframework.cloud.openfeign.FeignClientFactoryBean] is not eligible for getting processed by all BeanPostProcessors (for example: not eligible for auto-proxying)
2022-05-11_23-15-38 [main] INFO  o.s.b.w.e.tomcat.TomcatWebServer - Tomcat initialized with port(s): 5000 (http)
2022-05-11_23-15-38 [main] INFO  o.a.coyote.http11.Http11NioProtocol - Initializing ProtocolHandler ["http-nio-5000"]
2022-05-11_23-15-38 [main] INFO  o.a.catalina.core.StandardService - Starting service [Tomcat]
2022-05-11_23-15-38 [main] INFO  o.a.catalina.core.StandardEngine - Starting Servlet engine: [Apache Tomcat/9.0.41]
2022-05-11_23-15-38 [main] INFO  o.a.c.c.C.[.[localhost].[/process] - Initializing Spring embedded WebApplicationContext
2022-05-11_23-15-38 [main] INFO  o.s.b.w.s.c.ServletWebServerApplicationContext - Root WebApplicationContext: initialization completed in 2900 ms
2022-05-11_23-15-38 [main] INFO  o.s.b.a.e.web.EndpointLinksResolver - Exposing 2 endpoint(s) beneath base path '/actuator'
2022-05-11_23-15-38 [main] INFO  s.d.s.w.PropertySourcedRequestMappingHandlerMapping - Mapped URL path [/v2/api-docs] onto method [springfox.documentation.swagger2.web.Swagger2Controller#getDocumentation(String, HttpServletRequest)]
2022-05-11_23-15-38 [main] INFO  o.s.s.c.ThreadPoolTaskExecutor - Initializing ExecutorService 'applicationTaskExecutor'
2022-05-11_23-15-38 [main] INFO  o.a.coyote.http11.Http11NioProtocol - Starting ProtocolHandler ["http-nio-5000"]
2022-05-11_23-15-38 [main] INFO  o.s.b.w.e.tomcat.TomcatWebServer - Tomcat started on port(s): 5000 (http) with context path '/process'
2022-05-11_23-15-38 [main] INFO  s.d.s.w.p.DocumentationPluginsBootstrapper - Context refreshed
2022-05-11_23-15-38 [main] INFO  s.d.s.w.p.DocumentationPluginsBootstrapper - Found 1 custom documentation plugin(s)
2022-05-11_23-15-38 [main] INFO  s.d.s.w.s.ApiListingReferenceScanner - Scanning for api listing references
2022-05-11_23-15-38 [main] INFO  s.d.s.w.r.o.CachingOperationNameGenerator - Generating unique operation named: handleUsingGET_1
2022-05-11_23-15-38 [main] INFO  s.d.s.w.r.o.CachingOperationNameGenerator - Generating unique operation named: handleUsingGET_2
2022-05-11_23-15-38 [main] INFO  c.p.p.ProcessPensionMicroserviceApplication - Started ProcessPensionMicroserviceApplication in 5.797 seconds (JVM running for 31.57)
2022-05-11_23-15-38 [main] INFO  o.s.b.t.c.SpringBootTestContextBootstrapper - Neither @ContextConfiguration nor @ContextHierarchy found for test class [com.pension.process.exception.ProcessPensionExceptionTest], using SpringBootContextLoader
2022-05-11_23-15-38 [main] INFO  o.s.t.c.s.AbstractContextLoader - Could not detect default resource locations for test class [com.pension.process.exception.ProcessPensionExceptionTest]: no resource found for suffixes {-context.xml, Context.groovy}.
2022-05-11_23-15-38 [main] INFO  o.s.t.c.s.AnnotationConfigContextLoaderUtils - Could not detect default configuration classes for test class [com.pension.process.exception.ProcessPensionExceptionTest]: ProcessPensionExceptionTest does not declare any static, non-private, non-final, nested classes annotated with @Configuration.
2022-05-11_23-15-38 [main] INFO  o.s.b.t.c.SpringBootTestContextBootstrapper - Found @SpringBootConfiguration com.pension.process.ProcessPensionMicroserviceApplication for test class com.pension.process.exception.ProcessPensionExceptionTest
2022-05-11_23-15-38 [main] INFO  o.s.b.t.c.SpringBootTestContextBootstrapper - Loaded default TestExecutionListener class names from location [META-INF/spring.factories]: [org.springframework.boot.test.mock.mockito.MockitoTestExecutionListener, org.springframework.boot.test.mock.mockito.ResetMocksTestExecutionListener, org.springframework.boot.test.autoconfigure.restdocs.RestDocsTestExecutionListener, org.springframework.boot.test.autoconfigure.web.client.MockRestServiceServerResetTestExecutionListener, org.springframework.boot.test.autoconfigure.web.servlet.MockMvcPrintOnlyOnFailureTestExecutionListener, org.springframework.boot.test.autoconfigure.web.servlet.WebDriverTestExecutionListener, org.springframework.boot.test.autoconfigure.webservices.client.MockWebServiceServerTestExecutionListener, org.springframework.test.context.web.ServletTestExecutionListener, org.springframework.test.context.support.DirtiesContextBeforeModesTestExecutionListener, org.springframework.test.context.event.ApplicationEventsTestExecutionListener, org.springframework.test.context.support.DependencyInjectionTestExecutionListener, org.springframework.test.context.support.DirtiesContextTestExecutionListener, org.springframework.test.context.transaction.TransactionalTestExecutionListener, org.springframework.test.context.jdbc.SqlScriptsTestExecutionListener, org.springframework.test.context.event.EventPublishingTestExecutionListener]
2022-05-11_23-15-38 [main] INFO  o.s.b.t.c.SpringBootTestContextBootstrapper - Using TestExecutionListeners: [org.springframework.test.context.web.ServletTestExecutionListener@62d4dac4, org.springframework.test.context.support.DirtiesContextBeforeModesTestExecutionListener@11efa76e, org.springframework.test.context.event.ApplicationEventsTestExecutionListener@35c83c56, org.springframework.boot.test.mock.mockito.MockitoTestExecutionListener@1899c7ae, org.springframework.boot.test.autoconfigure.SpringBootDependencyInjectionTestExecutionListener@5cdf2c83, org.springframework.test.context.support.DirtiesContextTestExecutionListener@30e734a1, org.springframework.test.context.event.EventPublishingTestExecutionListener@44b99467, org.springframework.boot.test.mock.mockito.ResetMocksTestExecutionListener@124b8fe9, org.springframework.boot.test.autoconfigure.restdocs.RestDocsTestExecutionListener@37d50217, org.springframework.boot.test.autoconfigure.web.client.MockRestServiceServerResetTestExecutionListener@3e9e7a70, org.springframework.boot.test.autoconfigure.web.servlet.MockMvcPrintOnlyOnFailureTestExecutionListener@360ccb68, org.springframework.boot.test.autoconfigure.web.servlet.WebDriverTestExecutionListener@78762e87, org.springframework.boot.test.autoconfigure.webservices.client.MockWebServiceServerTestExecutionListener@672c4e24]
2022-05-11_23-15-38 [main] INFO  o.s.b.t.c.SpringBootTestContextBootstrapper - Neither @ContextConfiguration nor @ContextHierarchy found for test class [com.pension.process.controller.ProcessPensionControllerMethodTest], using SpringBootContextLoader
2022-05-11_23-15-38 [main] INFO  o.s.t.c.s.AbstractContextLoader - Could not detect default resource locations for test class [com.pension.process.controller.ProcessPensionControllerMethodTest]: no resource found for suffixes {-context.xml, Context.groovy}.
2022-05-11_23-15-38 [main] INFO  o.s.t.c.s.AnnotationConfigContextLoaderUtils - Could not detect default configuration classes for test class [com.pension.process.controller.ProcessPensionControllerMethodTest]: ProcessPensionControllerMethodTest does not declare any static, non-private, non-final, nested classes annotated with @Configuration.
2022-05-11_23-15-38 [main] INFO  o.s.b.t.c.SpringBootTestContextBootstrapper - Found @SpringBootConfiguration com.pension.process.ProcessPensionMicroserviceApplication for test class com.pension.process.controller.ProcessPensionControllerMethodTest
2022-05-11_23-15-38 [main] INFO  o.s.b.t.c.SpringBootTestContextBootstrapper - Loaded default TestExecutionListener class names from location [META-INF/spring.factories]: [org.springframework.boot.test.mock.mockito.MockitoTestExecutionListener, org.springframework.boot.test.mock.mockito.ResetMocksTestExecutionListener, org.springframework.boot.test.autoconfigure.restdocs.RestDocsTestExecutionListener, org.springframework.boot.test.autoconfigure.web.client.MockRestServiceServerResetTestExecutionListener, org.springframework.boot.test.autoconfigure.web.servlet.MockMvcPrintOnlyOnFailureTestExecutionListener, org.springframework.boot.test.autoconfigure.web.servlet.WebDriverTestExecutionListener, org.springframework.boot.test.autoconfigure.webservices.client.MockWebServiceServerTestExecutionListener, org.springframework.test.context.web.ServletTestExecutionListener, org.springframework.test.context.support.DirtiesContextBeforeModesTestExecutionListener, org.springframework.test.context.event.ApplicationEventsTestExecutionListener, org.springframework.test.context.support.DependencyInjectionTestExecutionListener, org.springframework.test.context.support.DirtiesContextTestExecutionListener, org.springframework.test.context.transaction.TransactionalTestExecutionListener, org.springframework.test.context.jdbc.SqlScriptsTestExecutionListener, org.springframework.test.context.event.EventPublishingTestExecutionListener]
2022-05-11_23-15-38 [main] INFO  o.s.b.t.c.SpringBootTestContextBootstrapper - Using TestExecutionListeners: [org.springframework.test.context.web.ServletTestExecutionListener@52e44f71, org.springframework.test.context.support.DirtiesContextBeforeModesTestExecutionListener@2e1b1d22, org.springframework.test.context.event.ApplicationEventsTestExecutionListener@653c0c9c, org.springframework.boot.test.mock.mockito.MockitoTestExecutionListener@5276330a, org.springframework.boot.test.autoconfigure.SpringBootDependencyInjectionTestExecutionListener@221961f2, org.springframework.test.context.support.DirtiesContextTestExecutionListener@541d8a9e, org.springframework.test.context.event.EventPublishingTestExecutionListener@51c0346d, org.springframework.boot.test.mock.mockito.ResetMocksTestExecutionListener@32cda33c, org.springframework.boot.test.autoconfigure.restdocs.RestDocsTestExecutionListener@5bb24266, org.springframework.boot.test.autoconfigure.web.client.MockRestServiceServerResetTestExecutionListener@63437af4, org.springframework.boot.test.autoconfigure.web.servlet.MockMvcPrintOnlyOnFailureTestExecutionListener@33f059ad, org.springframework.boot.test.autoconfigure.web.servlet.WebDriverTestExecutionListener@6c7bc8ac, org.springframework.boot.test.autoconfigure.webservices.client.MockWebServiceServerTestExecutionListener@25131637]
2022-05-11_23-15-44 [main] INFO  c.p.p.c.ProcessPensionControllerMethodTest - Starting ProcessPensionControllerMethodTest using Java 18 on DESKTOP-DAC986Q with PID 7116 (started by Elcot in C:\Users\Elcot\Downloads\Pension-Management-System\ProcessPension-Microservice)
2022-05-11_23-15-44 [main] INFO  c.p.p.c.ProcessPensionControllerMethodTest - No active profile set, falling back to default profiles: default
2022-05-11_23-15-44 [main] INFO  o.s.cloud.context.scope.GenericScope - BeanFactory id=d7570e80-e0e7-31d4-a789-10a9a45ba459
2022-05-11_23-15-44 [main] INFO  o.s.c.s.PostProcessorRegistrationDelegate$BeanPostProcessorChecker - Bean 'com.pension.process.feignclient.PensionDisbursementFeignClient' of type [org.springframework.cloud.openfeign.FeignClientFactoryBean] is not eligible for getting processed by all BeanPostProcessors (for example: not eligible for auto-proxying)
2022-05-11_23-15-44 [main] INFO  o.s.c.s.PostProcessorRegistrationDelegate$BeanPostProcessorChecker - Bean 'com.pension.process.feignclient.PensionerDetailFeignClient' of type [org.springframework.cloud.openfeign.FeignClientFactoryBean] is not eligible for getting processed by all BeanPostProcessors (for example: not eligible for auto-proxying)
2022-05-11_23-15-44 [main] INFO  o.s.b.a.e.web.EndpointLinksResolver - Exposing 2 endpoint(s) beneath base path '/actuator'
2022-05-11_23-15-44 [main] INFO  s.d.s.w.PropertySourcedRequestMappingHandlerMapping - Mapped URL path [/v2/api-docs] onto method [springfox.documentation.swagger2.web.Swagger2Controller#getDocumentation(String, HttpServletRequest)]
2022-05-11_23-15-44 [main] INFO  o.s.s.c.ThreadPoolTaskExecutor - Initializing ExecutorService 'applicationTaskExecutor'
2022-05-11_23-15-44 [main] INFO  o.s.b.t.m.w.SpringBootMockServletContext - Initializing Spring TestDispatcherServlet ''
2022-05-11_23-15-44 [main] INFO  o.s.t.w.s.TestDispatcherServlet - Initializing Servlet ''
2022-05-11_23-15-44 [main] INFO  o.s.t.w.s.TestDispatcherServlet - Completed initialization in 3 ms
2022-05-11_23-15-44 [main] INFO  s.d.s.w.p.DocumentationPluginsBootstrapper - Context refreshed
2022-05-11_23-15-44 [main] INFO  s.d.s.w.p.DocumentationPluginsBootstrapper - Found 1 custom documentation plugin(s)
2022-05-11_23-15-44 [main] INFO  s.d.s.w.s.ApiListingReferenceScanner - Scanning for api listing references
2022-05-11_23-15-44 [main] INFO  s.d.s.w.r.o.CachingOperationNameGenerator - Generating unique operation named: handleUsingGET_1
2022-05-11_23-15-44 [main] INFO  s.d.s.w.r.o.CachingOperationNameGenerator - Generating unique operation named: handleUsingGET_2
2022-05-11_23-15-44 [main] INFO  c.p.p.c.ProcessPensionControllerMethodTest - Started ProcessPensionControllerMethodTest in 5.549 seconds (JVM running for 37.444)
2022-05-11_23-15-44 [main] INFO  o.s.b.t.c.SpringBootTestContextBootstrapper - Neither @ContextConfiguration nor @ContextHierarchy found for test class [com.pension.process.controller.PensionProcessControllerTest], using SpringBootContextLoader
2022-05-11_23-15-44 [main] INFO  o.s.t.c.s.AbstractContextLoader - Could not detect default resource locations for test class [com.pension.process.controller.PensionProcessControllerTest]: no resource found for suffixes {-context.xml, Context.groovy}.
2022-05-11_23-15-44 [main] INFO  o.s.t.c.s.AnnotationConfigContextLoaderUtils - Could not detect default configuration classes for test class [com.pension.process.controller.PensionProcessControllerTest]: PensionProcessControllerTest does not declare any static, non-private, non-final, nested classes annotated with @Configuration.
2022-05-11_23-15-44 [main] INFO  o.s.b.t.c.SpringBootTestContextBootstrapper - Found @SpringBootConfiguration com.pension.process.ProcessPensionMicroserviceApplication for test class com.pension.process.controller.PensionProcessControllerTest
2022-05-11_23-15-44 [main] INFO  o.s.b.t.c.SpringBootTestContextBootstrapper - Loaded default TestExecutionListener class names from location [META-INF/spring.factories]: [org.springframework.boot.test.mock.mockito.MockitoTestExecutionListener, org.springframework.boot.test.mock.mockito.ResetMocksTestExecutionListener, org.springframework.boot.test.autoconfigure.restdocs.RestDocsTestExecutionListener, org.springframework.boot.test.autoconfigure.web.client.MockRestServiceServerResetTestExecutionListener, org.springframework.boot.test.autoconfigure.web.servlet.MockMvcPrintOnlyOnFailureTestExecutionListener, org.springframework.boot.test.autoconfigure.web.servlet.WebDriverTestExecutionListener, org.springframework.boot.test.autoconfigure.webservices.client.MockWebServiceServerTestExecutionListener, org.springframework.test.context.web.ServletTestExecutionListener, org.springframework.test.context.support.DirtiesContextBeforeModesTestExecutionListener, org.springframework.test.context.event.ApplicationEventsTestExecutionListener, org.springframework.test.context.support.DependencyInjectionTestExecutionListener, org.springframework.test.context.support.DirtiesContextTestExecutionListener, org.springframework.test.context.transaction.TransactionalTestExecutionListener, org.springframework.test.context.jdbc.SqlScriptsTestExecutionListener, org.springframework.test.context.event.EventPublishingTestExecutionListener]
2022-05-11_23-15-44 [main] INFO  o.s.b.t.c.SpringBootTestContextBootstrapper - Using TestExecutionListeners: [org.springframework.test.context.web.ServletTestExecutionListener@67b6cb6e, org.springframework.test.context.support.DirtiesContextBeforeModesTestExecutionListener@47de4dce, org.springframework.test.context.event.ApplicationEventsTestExecutionListener@4951c45f, org.springframework.boot.test.mock.mockito.MockitoTestExecutionListener@488ae823, org.springframework.boot.test.autoconfigure.SpringBootDependencyInjectionTestExecutionListener@19b6b7e7, org.springframework.test.context.support.DirtiesContextTestExecutionListener@2c332922, org.springframework.test.context.event.EventPublishingTestExecutionListener@6b8773c7, org.springframework.boot.test.mock.mockito.ResetMocksTestExecutionListener@74534564, org.springframework.boot.test.autoconfigure.restdocs.RestDocsTestExecutionListener@5876cd86, org.springframework.boot.test.autoconfigure.web.client.MockRestServiceServerResetTestExecutionListener@6d398593, org.springframework.boot.test.autoconfigure.web.servlet.MockMvcPrintOnlyOnFailureTestExecutionListener@3d70dab8, org.springframework.boot.test.autoconfigure.web.servlet.WebDriverTestExecutionListener@53e6c017, org.springframework.boot.test.autoconfigure.webservices.client.MockWebServiceServerTestExecutionListener@3d123d10]
2022-05-11_23-15-49 [main] INFO  c.p.p.c.PensionProcessControllerTest - Starting PensionProcessControllerTest using Java 18 on DESKTOP-DAC986Q with PID 7116 (started by Elcot in C:\Users\Elcot\Downloads\Pension-Management-System\ProcessPension-Microservice)
2022-05-11_23-15-49 [main] INFO  c.p.p.c.PensionProcessControllerTest - No active profile set, falling back to default profiles: default
2022-05-11_23-15-49 [main] INFO  o.s.cloud.context.scope.GenericScope - BeanFactory id=d7570e80-e0e7-31d4-a789-10a9a45ba459
2022-05-11_23-15-49 [main] INFO  o.s.b.a.e.web.EndpointLinksResolver - Exposing 2 endpoint(s) beneath base path '/actuator'
2022-05-11_23-15-49 [main] INFO  s.d.s.w.PropertySourcedRequestMappingHandlerMapping - Mapped URL path [/v2/api-docs] onto method [springfox.documentation.swagger2.web.Swagger2Controller#getDocumentation(String, HttpServletRequest)]
2022-05-11_23-15-49 [main] INFO  o.s.s.c.ThreadPoolTaskExecutor - Initializing ExecutorService 'applicationTaskExecutor'
2022-05-11_23-15-49 [main] INFO  o.s.b.t.m.w.SpringBootMockServletContext - Initializing Spring TestDispatcherServlet ''
2022-05-11_23-15-49 [main] INFO  o.s.t.w.s.TestDispatcherServlet - Initializing Servlet ''
2022-05-11_23-15-49 [main] INFO  o.s.t.w.s.TestDispatcherServlet - Completed initialization in 2 ms
2022-05-11_23-15-49 [main] INFO  s.d.s.w.p.DocumentationPluginsBootstrapper - Context refreshed
2022-05-11_23-15-49 [main] INFO  s.d.s.w.p.DocumentationPluginsBootstrapper - Found 1 custom documentation plugin(s)
2022-05-11_23-15-49 [main] INFO  s.d.s.w.s.ApiListingReferenceScanner - Scanning for api listing references
2022-05-11_23-15-49 [main] INFO  s.d.s.w.r.o.CachingOperationNameGenerator - Generating unique operation named: handleUsingGET_1
2022-05-11_23-15-49 [main] INFO  s.d.s.w.r.o.CachingOperationNameGenerator - Generating unique operation named: handleUsingGET_2
2022-05-11_23-15-49 [main] INFO  c.p.p.c.PensionProcessControllerTest - Started PensionProcessControllerTest in 5.197 seconds (JVM running for 42.905)
2022-05-11_23-15-49 [SpringContextShutdownHook] INFO  o.s.s.c.ThreadPoolTaskExecutor - Shutting down ExecutorService 'applicationTaskExecutor'
2022-05-11_23-15-49 [SpringContextShutdownHook] INFO  o.s.s.c.ThreadPoolTaskExecutor - Shutting down ExecutorService 'applicationTaskExecutor'
2022-05-11_23-15-49 [SpringContextShutdownHook] INFO  o.s.s.c.ThreadPoolTaskExecutor - Shutting down ExecutorService 'applicationTaskExecutor'
2022-05-11_23-15-49 [SpringContextShutdownHook] INFO  o.s.s.c.ThreadPoolTaskExecutor - Shutting down ExecutorService 'applicationTaskExecutor'
2022-05-11_23-19-14 [background-preinit] INFO  o.h.validator.internal.util.Version - HV000001: Hibernate Validator 6.1.7.Final
2022-05-11_23-19-14 [restartedMain] INFO  c.p.p.ProcessPensionMicroserviceApplication - Starting ProcessPensionMicroserviceApplication using Java 18 on DESKTOP-DAC986Q with PID 2512 (C:\Users\Elcot\Downloads\Pension-Management-System\ProcessPension-Microservice\target\classes started by Elcot in C:\Users\Elcot\Downloads\Pension-Management-System\ProcessPension-Microservice)
2022-05-11_23-19-14 [restartedMain] INFO  c.p.p.ProcessPensionMicroserviceApplication - No active profile set, falling back to default profiles: default
2022-05-11_23-19-14 [restartedMain] INFO  o.s.b.d.e.DevToolsPropertyDefaultsPostProcessor - Devtools property defaults active! Set 'spring.devtools.add-properties' to 'false' to disable
2022-05-11_23-19-14 [restartedMain] INFO  o.s.b.d.e.DevToolsPropertyDefaultsPostProcessor - For additional web related logging consider setting the 'logging.level.web' property to 'DEBUG'
2022-05-11_23-19-14 [restartedMain] INFO  o.s.cloud.context.scope.GenericScope - BeanFactory id=ca24e96d-76a4-392e-9b5e-46e5eb3e6d98
2022-05-11_23-19-14 [restartedMain] INFO  o.s.c.s.PostProcessorRegistrationDelegate$BeanPostProcessorChecker - Bean 'com.pension.process.feignclient.AuthorisingClient' of type [org.springframework.cloud.openfeign.FeignClientFactoryBean] is not eligible for getting processed by all BeanPostProcessors (for example: not eligible for auto-proxying)
2022-05-11_23-19-14 [restartedMain] INFO  o.s.c.s.PostProcessorRegistrationDelegate$BeanPostProcessorChecker - Bean 'com.pension.process.feignclient.PensionDisbursementFeignClient' of type [org.springframework.cloud.openfeign.FeignClientFactoryBean] is not eligible for getting processed by all BeanPostProcessors (for example: not eligible for auto-proxying)
2022-05-11_23-19-14 [restartedMain] INFO  o.s.c.s.PostProcessorRegistrationDelegate$BeanPostProcessorChecker - Bean 'com.pension.process.feignclient.PensionerDetailFeignClient' of type [org.springframework.cloud.openfeign.FeignClientFactoryBean] is not eligible for getting processed by all BeanPostProcessors (for example: not eligible for auto-proxying)
2022-05-11_23-19-14 [restartedMain] INFO  o.s.b.w.e.tomcat.TomcatWebServer - Tomcat initialized with port(s): 5000 (http)
2022-05-11_23-19-14 [restartedMain] INFO  o.a.coyote.http11.Http11NioProtocol - Initializing ProtocolHandler ["http-nio-5000"]
2022-05-11_23-19-14 [restartedMain] INFO  o.a.catalina.core.StandardService - Starting service [Tomcat]
2022-05-11_23-19-14 [restartedMain] INFO  o.a.catalina.core.StandardEngine - Starting Servlet engine: [Apache Tomcat/9.0.41]
2022-05-11_23-19-14 [restartedMain] INFO  o.a.c.c.C.[.[localhost].[/process] - Initializing Spring embedded WebApplicationContext
2022-05-11_23-19-14 [restartedMain] INFO  o.s.b.w.s.c.ServletWebServerApplicationContext - Root WebApplicationContext: initialization completed in 10010 ms
2022-05-11_23-19-14 [restartedMain] INFO  o.s.b.a.e.web.EndpointLinksResolver - Exposing 2 endpoint(s) beneath base path '/actuator'
2022-05-11_23-19-14 [restartedMain] INFO  s.d.s.w.PropertySourcedRequestMappingHandlerMapping - Mapped URL path [/v2/api-docs] onto method [springfox.documentation.swagger2.web.Swagger2Controller#getDocumentation(String, HttpServletRequest)]
2022-05-11_23-19-14 [restartedMain] INFO  o.s.s.c.ThreadPoolTaskExecutor - Initializing ExecutorService 'applicationTaskExecutor'
2022-05-11_23-19-14 [restartedMain] INFO  o.a.coyote.http11.Http11NioProtocol - Starting ProtocolHandler ["http-nio-5000"]
2022-05-11_23-19-14 [restartedMain] INFO  o.s.b.w.e.tomcat.TomcatWebServer - Tomcat started on port(s): 5000 (http) with context path '/process'
2022-05-11_23-19-14 [restartedMain] INFO  s.d.s.w.p.DocumentationPluginsBootstrapper - Context refreshed
2022-05-11_23-19-14 [restartedMain] INFO  s.d.s.w.p.DocumentationPluginsBootstrapper - Found 1 custom documentation plugin(s)
2022-05-11_23-19-14 [restartedMain] INFO  s.d.s.w.s.ApiListingReferenceScanner - Scanning for api listing references
2022-05-11_23-19-14 [restartedMain] INFO  s.d.s.w.r.o.CachingOperationNameGenerator - Generating unique operation named: handleUsingGET_1
2022-05-11_23-19-14 [restartedMain] INFO  s.d.s.w.r.o.CachingOperationNameGenerator - Generating unique operation named: handleUsingGET_2
2022-05-11_23-19-14 [restartedMain] INFO  c.p.p.ProcessPensionMicroserviceApplication - Started ProcessPensionMicroserviceApplication in 18.948 seconds (JVM running for 21.51)
2022-05-11_23-19-14 [http-nio-5000-exec-2] INFO  o.a.c.c.C.[.[localhost].[/process] - Initializing Spring DispatcherServlet 'dispatcherServlet'
2022-05-11_23-19-14 [http-nio-5000-exec-2] INFO  o.s.web.servlet.DispatcherServlet - Initializing Servlet 'dispatcherServlet'
2022-05-11_23-19-14 [http-nio-5000-exec-2] INFO  o.s.web.servlet.DispatcherServlet - Completed initialization in 6 ms
2022-05-11_23-52-47 [restartedMain] INFO  c.p.p.ProcessPensionMicroserviceApplication - Starting ProcessPensionMicroserviceApplication using Java 18 on DESKTOP-DAC986Q with PID 2136 (C:\Users\Elcot\Downloads\Pension-Management-System\ProcessPension-Microservice\target\classes started by Elcot in C:\Users\Elcot\Downloads\Pension-Management-System\ProcessPension-Microservice)
2022-05-11_23-52-47 [restartedMain] INFO  c.p.p.ProcessPensionMicroserviceApplication - No active profile set, falling back to default profiles: default
2022-05-11_23-52-47 [background-preinit] INFO  o.h.validator.internal.util.Version - HV000001: Hibernate Validator 6.1.7.Final
2022-05-11_23-52-47 [restartedMain] INFO  o.s.b.d.e.DevToolsPropertyDefaultsPostProcessor - Devtools property defaults active! Set 'spring.devtools.add-properties' to 'false' to disable
2022-05-11_23-52-47 [restartedMain] INFO  o.s.b.d.e.DevToolsPropertyDefaultsPostProcessor - For additional web related logging consider setting the 'logging.level.web' property to 'DEBUG'
2022-05-11_23-52-47 [restartedMain] INFO  o.s.cloud.context.scope.GenericScope - BeanFactory id=ca24e96d-76a4-392e-9b5e-46e5eb3e6d98
2022-05-11_23-52-47 [restartedMain] INFO  o.s.c.s.PostProcessorRegistrationDelegate$BeanPostProcessorChecker - Bean 'com.pension.process.feignclient.AuthorisingClient' of type [org.springframework.cloud.openfeign.FeignClientFactoryBean] is not eligible for getting processed by all BeanPostProcessors (for example: not eligible for auto-proxying)
2022-05-11_23-52-47 [restartedMain] INFO  o.s.c.s.PostProcessorRegistrationDelegate$BeanPostProcessorChecker - Bean 'com.pension.process.feignclient.PensionDisbursementFeignClient' of type [org.springframework.cloud.openfeign.FeignClientFactoryBean] is not eligible for getting processed by all BeanPostProcessors (for example: not eligible for auto-proxying)
2022-05-11_23-52-47 [restartedMain] INFO  o.s.c.s.PostProcessorRegistrationDelegate$BeanPostProcessorChecker - Bean 'com.pension.process.feignclient.PensionerDetailFeignClient' of type [org.springframework.cloud.openfeign.FeignClientFactoryBean] is not eligible for getting processed by all BeanPostProcessors (for example: not eligible for auto-proxying)
2022-05-11_23-52-47 [restartedMain] INFO  o.s.b.w.e.tomcat.TomcatWebServer - Tomcat initialized with port(s): 5000 (http)
2022-05-11_23-52-47 [restartedMain] INFO  o.a.coyote.http11.Http11NioProtocol - Initializing ProtocolHandler ["http-nio-5000"]
2022-05-11_23-52-47 [restartedMain] INFO  o.a.catalina.core.StandardService - Starting service [Tomcat]
2022-05-11_23-52-47 [restartedMain] INFO  o.a.catalina.core.StandardEngine - Starting Servlet engine: [Apache Tomcat/9.0.41]
2022-05-11_23-52-47 [restartedMain] INFO  o.a.c.c.C.[.[localhost].[/process] - Initializing Spring embedded WebApplicationContext
2022-05-11_23-52-47 [restartedMain] INFO  o.s.b.w.s.c.ServletWebServerApplicationContext - Root WebApplicationContext: initialization completed in 12479 ms
2022-05-11_23-52-47 [restartedMain] INFO  o.s.b.a.e.web.EndpointLinksResolver - Exposing 2 endpoint(s) beneath base path '/actuator'
2022-05-11_23-52-47 [restartedMain] INFO  s.d.s.w.PropertySourcedRequestMappingHandlerMapping - Mapped URL path [/v2/api-docs] onto method [springfox.documentation.swagger2.web.Swagger2Controller#getDocumentation(String, HttpServletRequest)]
2022-05-11_23-52-47 [restartedMain] INFO  o.s.s.c.ThreadPoolTaskExecutor - Initializing ExecutorService 'applicationTaskExecutor'
2022-05-11_23-52-47 [restartedMain] INFO  o.a.coyote.http11.Http11NioProtocol - Starting ProtocolHandler ["http-nio-5000"]
2022-05-11_23-52-47 [restartedMain] INFO  o.s.b.w.e.tomcat.TomcatWebServer - Tomcat started on port(s): 5000 (http) with context path '/process'
2022-05-11_23-52-47 [restartedMain] INFO  s.d.s.w.p.DocumentationPluginsBootstrapper - Context refreshed
2022-05-11_23-52-47 [restartedMain] INFO  s.d.s.w.p.DocumentationPluginsBootstrapper - Found 1 custom documentation plugin(s)
2022-05-11_23-52-47 [restartedMain] INFO  s.d.s.w.s.ApiListingReferenceScanner - Scanning for api listing references
2022-05-11_23-52-47 [restartedMain] INFO  s.d.s.w.r.o.CachingOperationNameGenerator - Generating unique operation named: handleUsingGET_1
2022-05-11_23-52-47 [restartedMain] INFO  s.d.s.w.r.o.CachingOperationNameGenerator - Generating unique operation named: handleUsingGET_2
2022-05-11_23-52-47 [restartedMain] INFO  c.p.p.ProcessPensionMicroserviceApplication - Started ProcessPensionMicroserviceApplication in 24.843 seconds (JVM running for 40.259)
2022-05-11_23-52-47 [http-nio-5000-exec-4] INFO  o.a.c.c.C.[.[localhost].[/process] - Initializing Spring DispatcherServlet 'dispatcherServlet'
2022-05-11_23-52-47 [http-nio-5000-exec-4] INFO  o.s.web.servlet.DispatcherServlet - Initializing Servlet 'dispatcherServlet'
2022-05-11_23-52-47 [http-nio-5000-exec-4] INFO  o.s.web.servlet.DispatcherServlet - Completed initialization in 41 ms
